<?xml version="1.0" encoding="utf-8"?>
<TestRun id="811aa14d-e237-4c27-b5a2-30423c6f3d95" name="lg061@LG061870 2025-06-11 20:11:42" runUser="LG061870\lg061" xmlns="http://microsoft.com/schemas/VisualStudio/TeamTest/2010">
  <Times creation="2025-06-11T20:11:42.4889171-06:00" queuing="2025-06-11T20:11:42.4889173-06:00" start="2025-06-11T20:11:40.9367447-06:00" finish="2025-06-11T20:11:42.8230475-06:00" />
  <TestSettings name="default" id="02b373ec-732f-43ae-9254-056d1311b5df">
    <Deployment runDeploymentRoot="lg061_LG061870_2025-06-11_20_11_42" />
  </TestSettings>
  <Results>
    <UnitTestResult executionId="d268018a-d91e-45d1-ad47-fdbd5693a7c6" testId="7230e944-da29-df35-88e2-7319a6db07c6" testName="Truckero.Infrastructure.Tests.Repositories.AuthTokenRepositoryTests.DeleteAsync_Should_Remove_Token" computerName="LG061870" duration="00:00:00.0056424" startTime="2025-06-11T20:11:42.4719242-06:00" endTime="2025-06-11T20:11:42.4753696-06:00" testType="13cdc9d9-ddb5-4fa4-a97d-d965ccfc6d4b" outcome="Passed" testListId="8c84fa94-04c1-424b-9868-57a2d4851a1d" relativeResultsDirectory="d268018a-d91e-45d1-ad47-fdbd5693a7c6" />
    <UnitTestResult executionId="e4385107-4c5c-4fe7-a017-6b9e700f04d4" testId="e1b31517-688e-9d33-85c7-5d668899b1d2" testName="Truckero.Infrastructure.Tests.Repositories.UserRepositoryTests.GetByIdAsync_Should_Find_User" computerName="LG061870" duration="00:00:00.9142100" startTime="2025-06-11T20:11:41.5746813-06:00" endTime="2025-06-11T20:11:42.4903305-06:00" testType="13cdc9d9-ddb5-4fa4-a97d-d965ccfc6d4b" outcome="Passed" testListId="8c84fa94-04c1-424b-9868-57a2d4851a1d" relativeResultsDirectory="e4385107-4c5c-4fe7-a017-6b9e700f04d4" />
    <UnitTestResult executionId="65ce6bc2-42fc-428a-ad0d-0f0558587edc" testId="7630aaba-08db-8511-7208-9990076ebe31" testName="Truckero.Infrastructure.Tests.Repositories.PaymentMethodRepositoryTests.GetDefaultByUserIdAsync_Should_Return_Only_Default" computerName="LG061870" duration="00:00:00.8700822" startTime="2025-06-11T20:11:41.5747078-06:00" endTime="2025-06-11T20:11:42.4701918-06:00" testType="13cdc9d9-ddb5-4fa4-a97d-d965ccfc6d4b" outcome="Passed" testListId="8c84fa94-04c1-424b-9868-57a2d4851a1d" relativeResultsDirectory="65ce6bc2-42fc-428a-ad0d-0f0558587edc" />
    <UnitTestResult executionId="3cc66d7f-1606-4b4a-b58e-51ee5284a501" testId="a9e2178c-a5c4-e03d-ef3f-0ad218b9b210" testName="Truckero.Infrastructure.Tests.Repositories.PayoutAccountRepositoryTests.GetDefaultPayoutAccountByUserIdAsync_Should_Return_Only_Default" computerName="LG061870" duration="00:00:00.0732701" startTime="2025-06-11T20:11:42.5610074-06:00" endTime="2025-06-11T20:11:42.6333408-06:00" testType="13cdc9d9-ddb5-4fa4-a97d-d965ccfc6d4b" outcome="Failed" testListId="8c84fa94-04c1-424b-9868-57a2d4851a1d" relativeResultsDirectory="3cc66d7f-1606-4b4a-b58e-51ee5284a501">
      <Output>
        <ErrorInfo>
          <Message>Microsoft.EntityFrameworkCore.DbUpdateException : An error occurred while saving the entity changes. See the inner exception for details.&#xD;
---- Microsoft.Data.Sqlite.SqliteException : SQLite Error 19: 'FOREIGN KEY constraint failed'.</Message>
          <StackTrace>   at Microsoft.EntityFrameworkCore.Update.ReaderModificationCommandBatch.ExecuteAsync(IRelationalConnection connection, CancellationToken cancellationToken)&#xD;
   at Microsoft.EntityFrameworkCore.Update.Internal.BatchExecutor.ExecuteAsync(IEnumerable`1 commandBatches, IRelationalConnection connection, CancellationToken cancellationToken)&#xD;
   at Microsoft.EntityFrameworkCore.Update.Internal.BatchExecutor.ExecuteAsync(IEnumerable`1 commandBatches, IRelationalConnection connection, CancellationToken cancellationToken)&#xD;
   at Microsoft.EntityFrameworkCore.Update.Internal.BatchExecutor.ExecuteAsync(IEnumerable`1 commandBatches, IRelationalConnection connection, CancellationToken cancellationToken)&#xD;
   at Microsoft.EntityFrameworkCore.Storage.RelationalDatabase.SaveChangesAsync(IList`1 entries, CancellationToken cancellationToken)&#xD;
   at Microsoft.EntityFrameworkCore.ChangeTracking.Internal.StateManager.SaveChangesAsync(IList`1 entriesToSave, CancellationToken cancellationToken)&#xD;
   at Microsoft.EntityFrameworkCore.ChangeTracking.Internal.StateManager.SaveChangesAsync(StateManager stateManager, Boolean acceptAllChangesOnSuccess, CancellationToken cancellationToken)&#xD;
   at Microsoft.EntityFrameworkCore.DbContext.SaveChangesAsync(Boolean acceptAllChangesOnSuccess, CancellationToken cancellationToken)&#xD;
   at Microsoft.EntityFrameworkCore.DbContext.SaveChangesAsync(Boolean acceptAllChangesOnSuccess, CancellationToken cancellationToken)&#xD;
   at Truckero.Infrastructure.Tests.Repositories.PayoutAccountRepositoryTests.GetDefaultPayoutAccountByUserIdAsync_Should_Return_Only_Default() in C:\Users\lg061\source\repos\TruckeroSLN\Truckero.Infrastructure.Tests\Repositories\PayoutAccountRepositoryTests.cs:line 104&#xD;
--- End of stack trace from previous location ---&#xD;
----- Inner Stack Trace -----&#xD;
   at Microsoft.Data.Sqlite.SqliteException.ThrowExceptionForRC(Int32 rc, sqlite3 db)&#xD;
   at Microsoft.Data.Sqlite.SqliteDataReader.NextResult()&#xD;
   at Microsoft.Data.Sqlite.SqliteCommand.ExecuteReader(CommandBehavior behavior)&#xD;
   at Microsoft.Data.Sqlite.SqliteCommand.ExecuteReaderAsync(CommandBehavior behavior, CancellationToken cancellationToken)&#xD;
   at Microsoft.Data.Sqlite.SqliteCommand.ExecuteDbDataReaderAsync(CommandBehavior behavior, CancellationToken cancellationToken)&#xD;
   at Microsoft.EntityFrameworkCore.Storage.RelationalCommand.ExecuteReaderAsync(RelationalCommandParameterObject parameterObject, CancellationToken cancellationToken)&#xD;
   at Microsoft.EntityFrameworkCore.Storage.RelationalCommand.ExecuteReaderAsync(RelationalCommandParameterObject parameterObject, CancellationToken cancellationToken)&#xD;
   at Microsoft.EntityFrameworkCore.Update.ReaderModificationCommandBatch.ExecuteAsync(IRelationalConnection connection, CancellationToken cancellationToken)</StackTrace>
        </ErrorInfo>
      </Output>
    </UnitTestResult>
    <UnitTestResult executionId="4505dd70-283e-46f5-91c0-544f54de4f62" testId="628f708e-177b-8677-7b9a-209a6dafaae0" testName="Truckero.Infrastructure.Tests.Repositories.CustomerRepositoryTests.GetByUserIdAsync_Should_Return_Null_When_NotFound" computerName="LG061870" duration="00:00:01.0040576" startTime="2025-06-11T20:11:41.5747625-06:00" endTime="2025-06-11T20:11:42.5803736-06:00" testType="13cdc9d9-ddb5-4fa4-a97d-d965ccfc6d4b" outcome="Passed" testListId="8c84fa94-04c1-424b-9868-57a2d4851a1d" relativeResultsDirectory="4505dd70-283e-46f5-91c0-544f54de4f62" />
    <UnitTestResult executionId="82bc67bd-6001-4df0-a7c8-ddd2764cc48e" testId="6ecdea65-c3d7-f957-38dc-99919bfd8aaa" testName="Truckero.Infrastructure.Tests.Repositories.AuthTokenRepositoryTests.GetByUserIdAsync_Should_Return_Correct_Token" computerName="LG061870" duration="00:00:00.0240520" startTime="2025-06-11T20:11:42.4701504-06:00" endTime="2025-06-11T20:11:42.4718314-06:00" testType="13cdc9d9-ddb5-4fa4-a97d-d965ccfc6d4b" outcome="Passed" testListId="8c84fa94-04c1-424b-9868-57a2d4851a1d" relativeResultsDirectory="82bc67bd-6001-4df0-a7c8-ddd2764cc48e" />
    <UnitTestResult executionId="b24c7550-e216-4eaa-95c9-f9f5dfcfd3bd" testId="fdaf4920-db09-df24-c720-9a7b5b0862cb" testName="Truckero.Infrastructure.Tests.Repositories.AuthTokenRepositoryTests.AddAsync_Should_Persist_AuthToken" computerName="LG061870" duration="00:00:00.8657595" startTime="2025-06-11T20:11:41.5747886-06:00" endTime="2025-06-11T20:11:42.4454820-06:00" testType="13cdc9d9-ddb5-4fa4-a97d-d965ccfc6d4b" outcome="Passed" testListId="8c84fa94-04c1-424b-9868-57a2d4851a1d" relativeResultsDirectory="b24c7550-e216-4eaa-95c9-f9f5dfcfd3bd" />
    <UnitTestResult executionId="12d6323c-0864-43a2-933c-60456e258f7f" testId="25c3631a-c753-cbe0-7fee-0b632ba5c742" testName="Truckero.Infrastructure.Tests.Repositories.TruckRepositoryTests.DeleteAsync_Should_Remove_Vehicle" computerName="LG061870" duration="00:00:00.0209138" startTime="2025-06-11T20:11:42.7180901-06:00" endTime="2025-06-11T20:11:42.7381233-06:00" testType="13cdc9d9-ddb5-4fa4-a97d-d965ccfc6d4b" outcome="Failed" testListId="8c84fa94-04c1-424b-9868-57a2d4851a1d" relativeResultsDirectory="12d6323c-0864-43a2-933c-60456e258f7f">
      <Output>
        <ErrorInfo>
          <Message>Microsoft.EntityFrameworkCore.DbUpdateException : An error occurred while saving the entity changes. See the inner exception for details.&#xD;
---- Microsoft.Data.Sqlite.SqliteException : SQLite Error 19: 'FOREIGN KEY constraint failed'.</Message>
          <StackTrace>   at Microsoft.EntityFrameworkCore.Update.ReaderModificationCommandBatch.ExecuteAsync(IRelationalConnection connection, CancellationToken cancellationToken)&#xD;
   at Microsoft.EntityFrameworkCore.Update.Internal.BatchExecutor.ExecuteAsync(IEnumerable`1 commandBatches, IRelationalConnection connection, CancellationToken cancellationToken)&#xD;
   at Microsoft.EntityFrameworkCore.Update.Internal.BatchExecutor.ExecuteAsync(IEnumerable`1 commandBatches, IRelationalConnection connection, CancellationToken cancellationToken)&#xD;
   at Microsoft.EntityFrameworkCore.Update.Internal.BatchExecutor.ExecuteAsync(IEnumerable`1 commandBatches, IRelationalConnection connection, CancellationToken cancellationToken)&#xD;
   at Microsoft.EntityFrameworkCore.Storage.RelationalDatabase.SaveChangesAsync(IList`1 entries, CancellationToken cancellationToken)&#xD;
   at Microsoft.EntityFrameworkCore.ChangeTracking.Internal.StateManager.SaveChangesAsync(IList`1 entriesToSave, CancellationToken cancellationToken)&#xD;
   at Microsoft.EntityFrameworkCore.ChangeTracking.Internal.StateManager.SaveChangesAsync(StateManager stateManager, Boolean acceptAllChangesOnSuccess, CancellationToken cancellationToken)&#xD;
   at Microsoft.EntityFrameworkCore.DbContext.SaveChangesAsync(Boolean acceptAllChangesOnSuccess, CancellationToken cancellationToken)&#xD;
   at Microsoft.EntityFrameworkCore.DbContext.SaveChangesAsync(Boolean acceptAllChangesOnSuccess, CancellationToken cancellationToken)&#xD;
   at Truckero.Infrastructure.Tests.Repositories.TruckRepositoryTests.DeleteAsync_Should_Remove_Vehicle() in C:\Users\lg061\source\repos\TruckeroSLN\Truckero.Infrastructure.Tests\Repositories\TruckRepositoryTests.cs:line 166&#xD;
--- End of stack trace from previous location ---&#xD;
----- Inner Stack Trace -----&#xD;
   at Microsoft.Data.Sqlite.SqliteException.ThrowExceptionForRC(Int32 rc, sqlite3 db)&#xD;
   at Microsoft.Data.Sqlite.SqliteDataReader.NextResult()&#xD;
   at Microsoft.Data.Sqlite.SqliteCommand.ExecuteReader(CommandBehavior behavior)&#xD;
   at Microsoft.Data.Sqlite.SqliteCommand.ExecuteReaderAsync(CommandBehavior behavior, CancellationToken cancellationToken)&#xD;
   at Microsoft.Data.Sqlite.SqliteCommand.ExecuteDbDataReaderAsync(CommandBehavior behavior, CancellationToken cancellationToken)&#xD;
   at Microsoft.EntityFrameworkCore.Storage.RelationalCommand.ExecuteReaderAsync(RelationalCommandParameterObject parameterObject, CancellationToken cancellationToken)&#xD;
   at Microsoft.EntityFrameworkCore.Storage.RelationalCommand.ExecuteReaderAsync(RelationalCommandParameterObject parameterObject, CancellationToken cancellationToken)&#xD;
   at Microsoft.EntityFrameworkCore.Update.ReaderModificationCommandBatch.ExecuteAsync(IRelationalConnection connection, CancellationToken cancellationToken)</StackTrace>
        </ErrorInfo>
      </Output>
    </UnitTestResult>
    <UnitTestResult executionId="72cda64a-92d9-4a4a-a397-fd554a122c62" testId="65ea70e8-e7e3-9a70-24a6-ae14d90be548" testName="Truckero.Infrastructure.Tests.Repositories.TruckRepositoryTests.UpdateAsync_Should_Modify_Existing_Vehicle" computerName="LG061870" duration="00:00:00.9995166" startTime="2025-06-11T20:11:41.5738686-06:00" endTime="2025-06-11T20:11:42.5760969-06:00" testType="13cdc9d9-ddb5-4fa4-a97d-d965ccfc6d4b" outcome="Failed" testListId="8c84fa94-04c1-424b-9868-57a2d4851a1d" relativeResultsDirectory="72cda64a-92d9-4a4a-a397-fd554a122c62">
      <Output>
        <ErrorInfo>
          <Message>Microsoft.EntityFrameworkCore.DbUpdateException : An error occurred while saving the entity changes. See the inner exception for details.&#xD;
---- Microsoft.Data.Sqlite.SqliteException : SQLite Error 19: 'FOREIGN KEY constraint failed'.</Message>
          <StackTrace>   at Microsoft.EntityFrameworkCore.Update.ReaderModificationCommandBatch.ExecuteAsync(IRelationalConnection connection, CancellationToken cancellationToken)&#xD;
   at Microsoft.EntityFrameworkCore.Update.Internal.BatchExecutor.ExecuteAsync(IEnumerable`1 commandBatches, IRelationalConnection connection, CancellationToken cancellationToken)&#xD;
   at Microsoft.EntityFrameworkCore.Update.Internal.BatchExecutor.ExecuteAsync(IEnumerable`1 commandBatches, IRelationalConnection connection, CancellationToken cancellationToken)&#xD;
   at Microsoft.EntityFrameworkCore.Update.Internal.BatchExecutor.ExecuteAsync(IEnumerable`1 commandBatches, IRelationalConnection connection, CancellationToken cancellationToken)&#xD;
   at Microsoft.EntityFrameworkCore.Storage.RelationalDatabase.SaveChangesAsync(IList`1 entries, CancellationToken cancellationToken)&#xD;
   at Microsoft.EntityFrameworkCore.ChangeTracking.Internal.StateManager.SaveChangesAsync(IList`1 entriesToSave, CancellationToken cancellationToken)&#xD;
   at Microsoft.EntityFrameworkCore.ChangeTracking.Internal.StateManager.SaveChangesAsync(StateManager stateManager, Boolean acceptAllChangesOnSuccess, CancellationToken cancellationToken)&#xD;
   at Microsoft.EntityFrameworkCore.DbContext.SaveChangesAsync(Boolean acceptAllChangesOnSuccess, CancellationToken cancellationToken)&#xD;
   at Microsoft.EntityFrameworkCore.DbContext.SaveChangesAsync(Boolean acceptAllChangesOnSuccess, CancellationToken cancellationToken)&#xD;
   at Truckero.Infrastructure.Tests.Repositories.TruckRepositoryTests.UpdateAsync_Should_Modify_Existing_Vehicle() in C:\Users\lg061\source\repos\TruckeroSLN\Truckero.Infrastructure.Tests\Repositories\TruckRepositoryTests.cs:line 186&#xD;
--- End of stack trace from previous location ---&#xD;
----- Inner Stack Trace -----&#xD;
   at Microsoft.Data.Sqlite.SqliteException.ThrowExceptionForRC(Int32 rc, sqlite3 db)&#xD;
   at Microsoft.Data.Sqlite.SqliteDataReader.NextResult()&#xD;
   at Microsoft.Data.Sqlite.SqliteCommand.ExecuteReader(CommandBehavior behavior)&#xD;
   at Microsoft.Data.Sqlite.SqliteCommand.ExecuteReaderAsync(CommandBehavior behavior, CancellationToken cancellationToken)&#xD;
   at Microsoft.Data.Sqlite.SqliteCommand.ExecuteDbDataReaderAsync(CommandBehavior behavior, CancellationToken cancellationToken)&#xD;
   at Microsoft.EntityFrameworkCore.Storage.RelationalCommand.ExecuteReaderAsync(RelationalCommandParameterObject parameterObject, CancellationToken cancellationToken)&#xD;
   at Microsoft.EntityFrameworkCore.Storage.RelationalCommand.ExecuteReaderAsync(RelationalCommandParameterObject parameterObject, CancellationToken cancellationToken)&#xD;
   at Microsoft.EntityFrameworkCore.Update.ReaderModificationCommandBatch.ExecuteAsync(IRelationalConnection connection, CancellationToken cancellationToken)</StackTrace>
        </ErrorInfo>
      </Output>
    </UnitTestResult>
    <UnitTestResult executionId="6dc10294-c3b9-4e9b-a859-2f100ef92545" testId="e685d309-befd-a3d9-d7c6-22c8862367aa" testName="Truckero.Infrastructure.Tests.Repositories.PayoutAccountRepositoryTests.DeletePayoutAccountAsync_Should_Remove_Entry" computerName="LG061870" duration="00:00:00.0447635" startTime="2025-06-11T20:11:42.6480863-06:00" endTime="2025-06-11T20:11:42.6783299-06:00" testType="13cdc9d9-ddb5-4fa4-a97d-d965ccfc6d4b" outcome="Failed" testListId="8c84fa94-04c1-424b-9868-57a2d4851a1d" relativeResultsDirectory="6dc10294-c3b9-4e9b-a859-2f100ef92545">
      <Output>
        <ErrorInfo>
          <Message>Microsoft.EntityFrameworkCore.DbUpdateException : An error occurred while saving the entity changes. See the inner exception for details.&#xD;
---- Microsoft.Data.Sqlite.SqliteException : SQLite Error 19: 'FOREIGN KEY constraint failed'.</Message>
          <StackTrace>   at Microsoft.EntityFrameworkCore.Update.ReaderModificationCommandBatch.ExecuteAsync(IRelationalConnection connection, CancellationToken cancellationToken)&#xD;
   at Microsoft.EntityFrameworkCore.Update.Internal.BatchExecutor.ExecuteAsync(IEnumerable`1 commandBatches, IRelationalConnection connection, CancellationToken cancellationToken)&#xD;
   at Microsoft.EntityFrameworkCore.Update.Internal.BatchExecutor.ExecuteAsync(IEnumerable`1 commandBatches, IRelationalConnection connection, CancellationToken cancellationToken)&#xD;
   at Microsoft.EntityFrameworkCore.Update.Internal.BatchExecutor.ExecuteAsync(IEnumerable`1 commandBatches, IRelationalConnection connection, CancellationToken cancellationToken)&#xD;
   at Microsoft.EntityFrameworkCore.Storage.RelationalDatabase.SaveChangesAsync(IList`1 entries, CancellationToken cancellationToken)&#xD;
   at Microsoft.EntityFrameworkCore.ChangeTracking.Internal.StateManager.SaveChangesAsync(IList`1 entriesToSave, CancellationToken cancellationToken)&#xD;
   at Microsoft.EntityFrameworkCore.ChangeTracking.Internal.StateManager.SaveChangesAsync(StateManager stateManager, Boolean acceptAllChangesOnSuccess, CancellationToken cancellationToken)&#xD;
   at Microsoft.EntityFrameworkCore.DbContext.SaveChangesAsync(Boolean acceptAllChangesOnSuccess, CancellationToken cancellationToken)&#xD;
   at Microsoft.EntityFrameworkCore.DbContext.SaveChangesAsync(Boolean acceptAllChangesOnSuccess, CancellationToken cancellationToken)&#xD;
   at Truckero.Infrastructure.Tests.Repositories.PayoutAccountRepositoryTests.DeletePayoutAccountAsync_Should_Remove_Entry() in C:\Users\lg061\source\repos\TruckeroSLN\Truckero.Infrastructure.Tests\Repositories\PayoutAccountRepositoryTests.cs:line 122&#xD;
--- End of stack trace from previous location ---&#xD;
----- Inner Stack Trace -----&#xD;
   at Microsoft.Data.Sqlite.SqliteException.ThrowExceptionForRC(Int32 rc, sqlite3 db)&#xD;
   at Microsoft.Data.Sqlite.SqliteDataReader.NextResult()&#xD;
   at Microsoft.Data.Sqlite.SqliteCommand.ExecuteReader(CommandBehavior behavior)&#xD;
   at Microsoft.Data.Sqlite.SqliteCommand.ExecuteReaderAsync(CommandBehavior behavior, CancellationToken cancellationToken)&#xD;
   at Microsoft.Data.Sqlite.SqliteCommand.ExecuteDbDataReaderAsync(CommandBehavior behavior, CancellationToken cancellationToken)&#xD;
   at Microsoft.EntityFrameworkCore.Storage.RelationalCommand.ExecuteReaderAsync(RelationalCommandParameterObject parameterObject, CancellationToken cancellationToken)&#xD;
   at Microsoft.EntityFrameworkCore.Storage.RelationalCommand.ExecuteReaderAsync(RelationalCommandParameterObject parameterObject, CancellationToken cancellationToken)&#xD;
   at Microsoft.EntityFrameworkCore.Update.ReaderModificationCommandBatch.ExecuteAsync(IRelationalConnection connection, CancellationToken cancellationToken)</StackTrace>
        </ErrorInfo>
      </Output>
    </UnitTestResult>
    <UnitTestResult executionId="56ac8c08-0d83-4887-8608-ecff1c01fc11" testId="8ea7a0ac-f4ee-b7fd-043e-e839b87f0f77" testName="Truckero.Infrastructure.Tests.Repositories.PayoutAccountRepositoryTests.AddPayoutAccountAsync_Should_Persist_Account" computerName="LG061870" duration="00:00:00.0307460" startTime="2025-06-11T20:11:42.6789740-06:00" endTime="2025-06-11T20:11:42.7094523-06:00" testType="13cdc9d9-ddb5-4fa4-a97d-d965ccfc6d4b" outcome="Failed" testListId="8c84fa94-04c1-424b-9868-57a2d4851a1d" relativeResultsDirectory="56ac8c08-0d83-4887-8608-ecff1c01fc11">
      <Output>
        <ErrorInfo>
          <Message>Microsoft.EntityFrameworkCore.DbUpdateException : An error occurred while saving the entity changes. See the inner exception for details.&#xD;
---- Microsoft.Data.Sqlite.SqliteException : SQLite Error 19: 'FOREIGN KEY constraint failed'.</Message>
          <StackTrace>   at Microsoft.EntityFrameworkCore.Update.ReaderModificationCommandBatch.ExecuteAsync(IRelationalConnection connection, CancellationToken cancellationToken)&#xD;
   at Microsoft.EntityFrameworkCore.Update.Internal.BatchExecutor.ExecuteAsync(IEnumerable`1 commandBatches, IRelationalConnection connection, CancellationToken cancellationToken)&#xD;
   at Microsoft.EntityFrameworkCore.Update.Internal.BatchExecutor.ExecuteAsync(IEnumerable`1 commandBatches, IRelationalConnection connection, CancellationToken cancellationToken)&#xD;
   at Microsoft.EntityFrameworkCore.Update.Internal.BatchExecutor.ExecuteAsync(IEnumerable`1 commandBatches, IRelationalConnection connection, CancellationToken cancellationToken)&#xD;
   at Microsoft.EntityFrameworkCore.Storage.RelationalDatabase.SaveChangesAsync(IList`1 entries, CancellationToken cancellationToken)&#xD;
   at Microsoft.EntityFrameworkCore.ChangeTracking.Internal.StateManager.SaveChangesAsync(IList`1 entriesToSave, CancellationToken cancellationToken)&#xD;
   at Microsoft.EntityFrameworkCore.ChangeTracking.Internal.StateManager.SaveChangesAsync(StateManager stateManager, Boolean acceptAllChangesOnSuccess, CancellationToken cancellationToken)&#xD;
   at Microsoft.EntityFrameworkCore.DbContext.SaveChangesAsync(Boolean acceptAllChangesOnSuccess, CancellationToken cancellationToken)&#xD;
   at Microsoft.EntityFrameworkCore.DbContext.SaveChangesAsync(Boolean acceptAllChangesOnSuccess, CancellationToken cancellationToken)&#xD;
   at Truckero.Infrastructure.Repositories.PayoutAccountRepository.AddPayoutAccountAsync(PayoutAccount payoutAccount) in C:\Users\lg061\source\repos\TruckeroSLN\Truckero.Infrastructure\Repositories\PayoutAccountRepository.cs:line 93&#xD;
   at Truckero.Infrastructure.Tests.Repositories.PayoutAccountRepositoryTests.AddPayoutAccountAsync_Should_Persist_Account() in C:\Users\lg061\source\repos\TruckeroSLN\Truckero.Infrastructure.Tests\Repositories\PayoutAccountRepositoryTests.cs:line 54&#xD;
--- End of stack trace from previous location ---&#xD;
----- Inner Stack Trace -----&#xD;
   at Microsoft.Data.Sqlite.SqliteException.ThrowExceptionForRC(Int32 rc, sqlite3 db)&#xD;
   at Microsoft.Data.Sqlite.SqliteDataReader.NextResult()&#xD;
   at Microsoft.Data.Sqlite.SqliteCommand.ExecuteReader(CommandBehavior behavior)&#xD;
   at Microsoft.Data.Sqlite.SqliteCommand.ExecuteReaderAsync(CommandBehavior behavior, CancellationToken cancellationToken)&#xD;
   at Microsoft.Data.Sqlite.SqliteCommand.ExecuteDbDataReaderAsync(CommandBehavior behavior, CancellationToken cancellationToken)&#xD;
   at Microsoft.EntityFrameworkCore.Storage.RelationalCommand.ExecuteReaderAsync(RelationalCommandParameterObject parameterObject, CancellationToken cancellationToken)&#xD;
   at Microsoft.EntityFrameworkCore.Storage.RelationalCommand.ExecuteReaderAsync(RelationalCommandParameterObject parameterObject, CancellationToken cancellationToken)&#xD;
   at Microsoft.EntityFrameworkCore.Update.ReaderModificationCommandBatch.ExecuteAsync(IRelationalConnection connection, CancellationToken cancellationToken)</StackTrace>
        </ErrorInfo>
      </Output>
    </UnitTestResult>
    <UnitTestResult executionId="f79e7aab-8092-4f02-abec-262756dad2c4" testId="12683e54-f8a8-6501-6fd0-5d34c7ddca1b" testName="Truckero.Infrastructure.Tests.Repositories.StoreClerkRepositoryTests.GetByUserIdAsync_Should_Return_Profile" computerName="LG061870" duration="00:00:00.8672778" startTime="2025-06-11T20:11:41.5747502-06:00" endTime="2025-06-11T20:11:42.4476466-06:00" testType="13cdc9d9-ddb5-4fa4-a97d-d965ccfc6d4b" outcome="Passed" testListId="8c84fa94-04c1-424b-9868-57a2d4851a1d" relativeResultsDirectory="f79e7aab-8092-4f02-abec-262756dad2c4" />
    <UnitTestResult executionId="31db5cdc-6cc8-4c07-8dfb-7eed40ac8b22" testId="14163728-dcf1-bed0-1785-0715001819a7" testName="Truckero.Infrastructure.Tests.Repositories.TruckRepositoryTests.AddAsync_Should_Add_Vehicle_When_Valid" computerName="LG061870" duration="00:00:00.0901579" startTime="2025-06-11T20:11:42.5767637-06:00" endTime="2025-06-11T20:11:42.6691426-06:00" testType="13cdc9d9-ddb5-4fa4-a97d-d965ccfc6d4b" outcome="Failed" testListId="8c84fa94-04c1-424b-9868-57a2d4851a1d" relativeResultsDirectory="31db5cdc-6cc8-4c07-8dfb-7eed40ac8b22">
      <Output>
        <ErrorInfo>
          <Message>Microsoft.EntityFrameworkCore.DbUpdateException : An error occurred while saving the entity changes. See the inner exception for details.&#xD;
---- Microsoft.Data.Sqlite.SqliteException : SQLite Error 19: 'FOREIGN KEY constraint failed'.</Message>
          <StackTrace>   at Microsoft.EntityFrameworkCore.Update.ReaderModificationCommandBatch.ExecuteAsync(IRelationalConnection connection, CancellationToken cancellationToken)&#xD;
   at Microsoft.EntityFrameworkCore.Update.Internal.BatchExecutor.ExecuteAsync(IEnumerable`1 commandBatches, IRelationalConnection connection, CancellationToken cancellationToken)&#xD;
   at Microsoft.EntityFrameworkCore.Update.Internal.BatchExecutor.ExecuteAsync(IEnumerable`1 commandBatches, IRelationalConnection connection, CancellationToken cancellationToken)&#xD;
   at Microsoft.EntityFrameworkCore.Update.Internal.BatchExecutor.ExecuteAsync(IEnumerable`1 commandBatches, IRelationalConnection connection, CancellationToken cancellationToken)&#xD;
   at Microsoft.EntityFrameworkCore.Storage.RelationalDatabase.SaveChangesAsync(IList`1 entries, CancellationToken cancellationToken)&#xD;
   at Microsoft.EntityFrameworkCore.ChangeTracking.Internal.StateManager.SaveChangesAsync(IList`1 entriesToSave, CancellationToken cancellationToken)&#xD;
   at Microsoft.EntityFrameworkCore.ChangeTracking.Internal.StateManager.SaveChangesAsync(StateManager stateManager, Boolean acceptAllChangesOnSuccess, CancellationToken cancellationToken)&#xD;
   at Microsoft.EntityFrameworkCore.DbContext.SaveChangesAsync(Boolean acceptAllChangesOnSuccess, CancellationToken cancellationToken)&#xD;
   at Microsoft.EntityFrameworkCore.DbContext.SaveChangesAsync(Boolean acceptAllChangesOnSuccess, CancellationToken cancellationToken)&#xD;
   at Truckero.Infrastructure.Repositories.TruckRepository.AddAsync(Truck truck) in C:\Users\lg061\source\repos\TruckeroSLN\Truckero.Infrastructure\Repositories\TruckRepository.cs:line 49&#xD;
   at Truckero.Infrastructure.Tests.Repositories.TruckRepositoryTests.AddAsync_Should_Add_Vehicle_When_Valid() in C:\Users\lg061\source\repos\TruckeroSLN\Truckero.Infrastructure.Tests\Repositories\TruckRepositoryTests.cs:line 59&#xD;
--- End of stack trace from previous location ---&#xD;
----- Inner Stack Trace -----&#xD;
   at Microsoft.Data.Sqlite.SqliteException.ThrowExceptionForRC(Int32 rc, sqlite3 db)&#xD;
   at Microsoft.Data.Sqlite.SqliteDataReader.NextResult()&#xD;
   at Microsoft.Data.Sqlite.SqliteCommand.ExecuteReader(CommandBehavior behavior)&#xD;
   at Microsoft.Data.Sqlite.SqliteCommand.ExecuteReaderAsync(CommandBehavior behavior, CancellationToken cancellationToken)&#xD;
   at Microsoft.Data.Sqlite.SqliteCommand.ExecuteDbDataReaderAsync(CommandBehavior behavior, CancellationToken cancellationToken)&#xD;
   at Microsoft.EntityFrameworkCore.Storage.RelationalCommand.ExecuteReaderAsync(RelationalCommandParameterObject parameterObject, CancellationToken cancellationToken)&#xD;
   at Microsoft.EntityFrameworkCore.Storage.RelationalCommand.ExecuteReaderAsync(RelationalCommandParameterObject parameterObject, CancellationToken cancellationToken)&#xD;
   at Microsoft.EntityFrameworkCore.Update.ReaderModificationCommandBatch.ExecuteAsync(IRelationalConnection connection, CancellationToken cancellationToken)</StackTrace>
        </ErrorInfo>
      </Output>
    </UnitTestResult>
    <UnitTestResult executionId="ad3bac27-f7f9-4200-8e02-dd49e25bb06d" testId="fb787db7-54db-a9cb-3501-0a78a8c6b8d1" testName="Truckero.Infrastructure.Tests.Repositories.DriverRepositoryTests.GetByUserIdAsync_Should_Return_DriverProfile" computerName="LG061870" duration="00:00:00.0010000" startTime="2025-06-11T20:11:42.5484184-06:00" endTime="2025-06-11T20:11:42.6322403-06:00" testType="13cdc9d9-ddb5-4fa4-a97d-d965ccfc6d4b" outcome="Failed" testListId="8c84fa94-04c1-424b-9868-57a2d4851a1d" relativeResultsDirectory="ad3bac27-f7f9-4200-8e02-dd49e25bb06d">
      <Output>
        <ErrorInfo>
          <Message>Microsoft.EntityFrameworkCore.DbUpdateException : An error occurred while saving the entity changes. See the inner exception for details.&#xD;
---- Microsoft.Data.Sqlite.SqliteException : SQLite Error 19: 'UNIQUE constraint failed: Roles.Id'.</Message>
          <StackTrace>   at Microsoft.EntityFrameworkCore.Update.ReaderModificationCommandBatch.Execute(IRelationalConnection connection)&#xD;
   at Microsoft.EntityFrameworkCore.Update.Internal.BatchExecutor.Execute(IEnumerable`1 commandBatches, IRelationalConnection connection)&#xD;
   at Microsoft.EntityFrameworkCore.Storage.RelationalDatabase.SaveChanges(IList`1 entries)&#xD;
   at Microsoft.EntityFrameworkCore.ChangeTracking.Internal.StateManager.SaveChanges(IList`1 entriesToSave)&#xD;
   at Microsoft.EntityFrameworkCore.ChangeTracking.Internal.StateManager.SaveChanges(StateManager stateManager, Boolean acceptAllChangesOnSuccess)&#xD;
   at Microsoft.EntityFrameworkCore.ChangeTracking.Internal.StateManager.&lt;&gt;c.&lt;SaveChanges&gt;b__112_0(DbContext _, ValueTuple`2 t)&#xD;
   at Microsoft.EntityFrameworkCore.Storage.NonRetryingExecutionStrategy.Execute[TState,TResult](TState state, Func`3 operation, Func`3 verifySucceeded)&#xD;
   at Microsoft.EntityFrameworkCore.ChangeTracking.Internal.StateManager.SaveChanges(Boolean acceptAllChangesOnSuccess)&#xD;
   at Microsoft.EntityFrameworkCore.DbContext.SaveChanges(Boolean acceptAllChangesOnSuccess)&#xD;
   at Microsoft.EntityFrameworkCore.DbContext.SaveChanges()&#xD;
   at Truckero.Infrastructure.Tests.Repositories.DriverRepositoryTests..ctor() in C:\Users\lg061\source\repos\TruckeroSLN\Truckero.Infrastructure.Tests\Repositories\DriverRepositoryTests.cs:line 44&#xD;
   at System.RuntimeType.CreateInstanceDefaultCtor(Boolean publicOnly, Boolean wrapExceptions)&#xD;
----- Inner Stack Trace -----&#xD;
   at Microsoft.Data.Sqlite.SqliteException.ThrowExceptionForRC(Int32 rc, sqlite3 db)&#xD;
   at Microsoft.Data.Sqlite.SqliteDataReader.NextResult()&#xD;
   at Microsoft.Data.Sqlite.SqliteCommand.ExecuteReader(CommandBehavior behavior)&#xD;
   at Microsoft.Data.Sqlite.SqliteCommand.ExecuteDbDataReader(CommandBehavior behavior)&#xD;
   at Microsoft.EntityFrameworkCore.Storage.RelationalCommand.ExecuteReader(RelationalCommandParameterObject parameterObject)&#xD;
   at Microsoft.EntityFrameworkCore.Update.ReaderModificationCommandBatch.Execute(IRelationalConnection connection)</StackTrace>
        </ErrorInfo>
      </Output>
    </UnitTestResult>
    <UnitTestResult executionId="1e7d6881-315d-4379-b3f7-1e94dd9ef722" testId="263821d6-26a1-5182-05ef-653f7449f703" testName="Truckero.Infrastructure.Tests.Repositories.OnboardingRepositoryTests.GetByUserIdAsync_Should_Return_Null_If_NotFound" computerName="LG061870" duration="00:00:00.0010000" startTime="2025-06-11T20:11:42.5484305-06:00" endTime="2025-06-11T20:11:42.6315409-06:00" testType="13cdc9d9-ddb5-4fa4-a97d-d965ccfc6d4b" outcome="Failed" testListId="8c84fa94-04c1-424b-9868-57a2d4851a1d" relativeResultsDirectory="1e7d6881-315d-4379-b3f7-1e94dd9ef722">
      <Output>
        <ErrorInfo>
          <Message>Microsoft.EntityFrameworkCore.DbUpdateException : An error occurred while saving the entity changes. See the inner exception for details.&#xD;
---- Microsoft.Data.Sqlite.SqliteException : SQLite Error 19: 'FOREIGN KEY constraint failed'.</Message>
          <StackTrace>   at Microsoft.EntityFrameworkCore.Update.ReaderModificationCommandBatch.Execute(IRelationalConnection connection)&#xD;
   at Microsoft.EntityFrameworkCore.Update.Internal.BatchExecutor.Execute(IEnumerable`1 commandBatches, IRelationalConnection connection)&#xD;
   at Microsoft.EntityFrameworkCore.Storage.RelationalDatabase.SaveChanges(IList`1 entries)&#xD;
   at Microsoft.EntityFrameworkCore.ChangeTracking.Internal.StateManager.SaveChanges(IList`1 entriesToSave)&#xD;
   at Microsoft.EntityFrameworkCore.ChangeTracking.Internal.StateManager.SaveChanges(StateManager stateManager, Boolean acceptAllChangesOnSuccess)&#xD;
   at Microsoft.EntityFrameworkCore.ChangeTracking.Internal.StateManager.&lt;&gt;c.&lt;SaveChanges&gt;b__112_0(DbContext _, ValueTuple`2 t)&#xD;
   at Microsoft.EntityFrameworkCore.Storage.NonRetryingExecutionStrategy.Execute[TState,TResult](TState state, Func`3 operation, Func`3 verifySucceeded)&#xD;
   at Microsoft.EntityFrameworkCore.ChangeTracking.Internal.StateManager.SaveChanges(Boolean acceptAllChangesOnSuccess)&#xD;
   at Microsoft.EntityFrameworkCore.DbContext.SaveChanges(Boolean acceptAllChangesOnSuccess)&#xD;
   at Microsoft.EntityFrameworkCore.DbContext.SaveChanges()&#xD;
   at Truckero.Infrastructure.Tests.Repositories.OnboardingRepositoryTests..ctor() in C:\Users\lg061\source\repos\TruckeroSLN\Truckero.Infrastructure.Tests\Repositories\OnboardingRepositoryTests.cs:line 33&#xD;
   at System.RuntimeType.CreateInstanceDefaultCtor(Boolean publicOnly, Boolean wrapExceptions)&#xD;
----- Inner Stack Trace -----&#xD;
   at Microsoft.Data.Sqlite.SqliteException.ThrowExceptionForRC(Int32 rc, sqlite3 db)&#xD;
   at Microsoft.Data.Sqlite.SqliteDataReader.NextResult()&#xD;
   at Microsoft.Data.Sqlite.SqliteCommand.ExecuteReader(CommandBehavior behavior)&#xD;
   at Microsoft.Data.Sqlite.SqliteCommand.ExecuteDbDataReader(CommandBehavior behavior)&#xD;
   at Microsoft.EntityFrameworkCore.Storage.RelationalCommand.ExecuteReader(RelationalCommandParameterObject parameterObject)&#xD;
   at Microsoft.EntityFrameworkCore.Update.ReaderModificationCommandBatch.Execute(IRelationalConnection connection)</StackTrace>
        </ErrorInfo>
      </Output>
    </UnitTestResult>
    <UnitTestResult executionId="aeacdeb5-6131-41b5-b335-4165b2fc0c5c" testId="3279fb03-52c0-edae-f662-74069c6c1434" testName="Truckero.Infrastructure.Tests.Repositories.PaymentMethodRepositoryTests.GetMetadata_Should_Deserialize_CardMetadata" computerName="LG061870" duration="00:00:00.0485338" startTime="2025-06-11T20:11:42.4703977-06:00" endTime="2025-06-11T20:11:42.4949927-06:00" testType="13cdc9d9-ddb5-4fa4-a97d-d965ccfc6d4b" outcome="Passed" testListId="8c84fa94-04c1-424b-9868-57a2d4851a1d" relativeResultsDirectory="aeacdeb5-6131-41b5-b335-4165b2fc0c5c" />
    <UnitTestResult executionId="b2783988-e673-4d2d-ad51-e8f1c11e1e8c" testId="03e84e49-cbbe-5fbf-f25f-44eea2e74afe" testName="Truckero.Infrastructure.Tests.Repositories.TruckRepositoryTests.GetByIdAsync_Should_Return_Vehicle" computerName="LG061870" duration="00:00:00.0200177" startTime="2025-06-11T20:11:42.6970793-06:00" endTime="2025-06-11T20:11:42.7167401-06:00" testType="13cdc9d9-ddb5-4fa4-a97d-d965ccfc6d4b" outcome="Failed" testListId="8c84fa94-04c1-424b-9868-57a2d4851a1d" relativeResultsDirectory="b2783988-e673-4d2d-ad51-e8f1c11e1e8c">
      <Output>
        <ErrorInfo>
          <Message>Microsoft.EntityFrameworkCore.DbUpdateException : An error occurred while saving the entity changes. See the inner exception for details.&#xD;
---- Microsoft.Data.Sqlite.SqliteException : SQLite Error 19: 'FOREIGN KEY constraint failed'.</Message>
          <StackTrace>   at Microsoft.EntityFrameworkCore.Update.ReaderModificationCommandBatch.ExecuteAsync(IRelationalConnection connection, CancellationToken cancellationToken)&#xD;
   at Microsoft.EntityFrameworkCore.Update.Internal.BatchExecutor.ExecuteAsync(IEnumerable`1 commandBatches, IRelationalConnection connection, CancellationToken cancellationToken)&#xD;
   at Microsoft.EntityFrameworkCore.Update.Internal.BatchExecutor.ExecuteAsync(IEnumerable`1 commandBatches, IRelationalConnection connection, CancellationToken cancellationToken)&#xD;
   at Microsoft.EntityFrameworkCore.Update.Internal.BatchExecutor.ExecuteAsync(IEnumerable`1 commandBatches, IRelationalConnection connection, CancellationToken cancellationToken)&#xD;
   at Microsoft.EntityFrameworkCore.Storage.RelationalDatabase.SaveChangesAsync(IList`1 entries, CancellationToken cancellationToken)&#xD;
   at Microsoft.EntityFrameworkCore.ChangeTracking.Internal.StateManager.SaveChangesAsync(IList`1 entriesToSave, CancellationToken cancellationToken)&#xD;
   at Microsoft.EntityFrameworkCore.ChangeTracking.Internal.StateManager.SaveChangesAsync(StateManager stateManager, Boolean acceptAllChangesOnSuccess, CancellationToken cancellationToken)&#xD;
   at Microsoft.EntityFrameworkCore.DbContext.SaveChangesAsync(Boolean acceptAllChangesOnSuccess, CancellationToken cancellationToken)&#xD;
   at Microsoft.EntityFrameworkCore.DbContext.SaveChangesAsync(Boolean acceptAllChangesOnSuccess, CancellationToken cancellationToken)&#xD;
   at Truckero.Infrastructure.Tests.Repositories.TruckRepositoryTests.GetByIdAsync_Should_Return_Vehicle() in C:\Users\lg061\source\repos\TruckeroSLN\Truckero.Infrastructure.Tests\Repositories\TruckRepositoryTests.cs:line 120&#xD;
--- End of stack trace from previous location ---&#xD;
----- Inner Stack Trace -----&#xD;
   at Microsoft.Data.Sqlite.SqliteException.ThrowExceptionForRC(Int32 rc, sqlite3 db)&#xD;
   at Microsoft.Data.Sqlite.SqliteDataReader.NextResult()&#xD;
   at Microsoft.Data.Sqlite.SqliteCommand.ExecuteReader(CommandBehavior behavior)&#xD;
   at Microsoft.Data.Sqlite.SqliteCommand.ExecuteReaderAsync(CommandBehavior behavior, CancellationToken cancellationToken)&#xD;
   at Microsoft.Data.Sqlite.SqliteCommand.ExecuteDbDataReaderAsync(CommandBehavior behavior, CancellationToken cancellationToken)&#xD;
   at Microsoft.EntityFrameworkCore.Storage.RelationalCommand.ExecuteReaderAsync(RelationalCommandParameterObject parameterObject, CancellationToken cancellationToken)&#xD;
   at Microsoft.EntityFrameworkCore.Storage.RelationalCommand.ExecuteReaderAsync(RelationalCommandParameterObject parameterObject, CancellationToken cancellationToken)&#xD;
   at Microsoft.EntityFrameworkCore.Update.ReaderModificationCommandBatch.ExecuteAsync(IRelationalConnection connection, CancellationToken cancellationToken)</StackTrace>
        </ErrorInfo>
      </Output>
    </UnitTestResult>
    <UnitTestResult executionId="dca31de9-5d60-48cf-b93a-7f8d286420e1" testId="33ec6f2a-4652-ca05-64e0-37fe363f56e0" testName="Truckero.Infrastructure.Tests.Repositories.PaymentMethodRepositoryTests.AddAsync_Should_Persist_MetadataJson" computerName="LG061870" duration="00:00:00.0036181" startTime="2025-06-11T20:11:42.5138458-06:00" endTime="2025-06-11T20:11:42.5173832-06:00" testType="13cdc9d9-ddb5-4fa4-a97d-d965ccfc6d4b" outcome="Passed" testListId="8c84fa94-04c1-424b-9868-57a2d4851a1d" relativeResultsDirectory="dca31de9-5d60-48cf-b93a-7f8d286420e1" />
    <UnitTestResult executionId="f351ec83-772e-47f6-a0b6-7f62da773bfe" testId="e15be061-8b46-5ad5-b2ce-6728286a1acc" testName="Truckero.Infrastructure.Tests.Repositories.AuthTokenRepositoryTests.UpdateAsync_Should_Modify_Token" computerName="LG061870" duration="00:00:00.0151676" startTime="2025-06-11T20:11:42.4754688-06:00" endTime="2025-06-11T20:11:42.4905832-06:00" testType="13cdc9d9-ddb5-4fa4-a97d-d965ccfc6d4b" outcome="Passed" testListId="8c84fa94-04c1-424b-9868-57a2d4851a1d" relativeResultsDirectory="f351ec83-772e-47f6-a0b6-7f62da773bfe" />
    <UnitTestResult executionId="5c760016-d216-4d1c-9e35-72a8c5f10910" testId="305d2f47-8a24-578e-ef83-2552defa3d54" testName="Truckero.Infrastructure.Tests.Repositories.StoreClerkRepositoryTests.GetByUserIdAsync_Should_Return_Null_If_NotFound" computerName="LG061870" duration="00:00:00.0016100" startTime="2025-06-11T20:11:42.4710945-06:00" endTime="2025-06-11T20:11:42.4711222-06:00" testType="13cdc9d9-ddb5-4fa4-a97d-d965ccfc6d4b" outcome="Passed" testListId="8c84fa94-04c1-424b-9868-57a2d4851a1d" relativeResultsDirectory="5c760016-d216-4d1c-9e35-72a8c5f10910" />
    <UnitTestResult executionId="5921ef68-eab8-4a3f-ab4a-37825d137595" testId="77227cbe-bef3-22f8-4011-a5344cf69c47" testName="Truckero.Infrastructure.Tests.Repositories.StoreClerkRepositoryTests.AddAsync_And_Save_Should_Persist_ClerkProfile" computerName="LG061870" duration="00:00:00.0179384" startTime="2025-06-11T20:11:42.4701338-06:00" endTime="2025-06-11T20:11:42.4709942-06:00" testType="13cdc9d9-ddb5-4fa4-a97d-d965ccfc6d4b" outcome="Passed" testListId="8c84fa94-04c1-424b-9868-57a2d4851a1d" relativeResultsDirectory="5921ef68-eab8-4a3f-ab4a-37825d137595" />
    <UnitTestResult executionId="284724db-aea7-4c66-be6b-b56e4657e76e" testId="29d85c1e-2617-dfd7-df27-c3d3c5a7bc65" testName="Truckero.Infrastructure.Tests.Repositories.PaymentMethodRepositoryTests.AddAsync_Should_Persist_PaymentMethod" computerName="LG061870" duration="00:00:00.0043543" startTime="2025-06-11T20:11:42.5063503-06:00" endTime="2025-06-11T20:11:42.5106486-06:00" testType="13cdc9d9-ddb5-4fa4-a97d-d965ccfc6d4b" outcome="Passed" testListId="8c84fa94-04c1-424b-9868-57a2d4851a1d" relativeResultsDirectory="284724db-aea7-4c66-be6b-b56e4657e76e" />
    <UnitTestResult executionId="fbe50404-f740-4e0c-9a5c-12986056d2eb" testId="020dbabe-d7a5-5916-ef5c-32bd86cb1503" testName="Truckero.Infrastructure.Tests.Repositories.TruckRepositoryTests.AddAsync_Should_Throw_When_LicensePlate_Duplicate" computerName="LG061870" duration="00:00:00.0267813" startTime="2025-06-11T20:11:42.6698577-06:00" endTime="2025-06-11T20:11:42.6963655-06:00" testType="13cdc9d9-ddb5-4fa4-a97d-d965ccfc6d4b" outcome="Failed" testListId="8c84fa94-04c1-424b-9868-57a2d4851a1d" relativeResultsDirectory="fbe50404-f740-4e0c-9a5c-12986056d2eb">
      <Output>
        <ErrorInfo>
          <Message>Microsoft.EntityFrameworkCore.DbUpdateException : An error occurred while saving the entity changes. See the inner exception for details.&#xD;
---- Microsoft.Data.Sqlite.SqliteException : SQLite Error 19: 'FOREIGN KEY constraint failed'.</Message>
          <StackTrace>   at Microsoft.EntityFrameworkCore.Update.ReaderModificationCommandBatch.ExecuteAsync(IRelationalConnection connection, CancellationToken cancellationToken)&#xD;
   at Microsoft.EntityFrameworkCore.Update.Internal.BatchExecutor.ExecuteAsync(IEnumerable`1 commandBatches, IRelationalConnection connection, CancellationToken cancellationToken)&#xD;
   at Microsoft.EntityFrameworkCore.Update.Internal.BatchExecutor.ExecuteAsync(IEnumerable`1 commandBatches, IRelationalConnection connection, CancellationToken cancellationToken)&#xD;
   at Microsoft.EntityFrameworkCore.Update.Internal.BatchExecutor.ExecuteAsync(IEnumerable`1 commandBatches, IRelationalConnection connection, CancellationToken cancellationToken)&#xD;
   at Microsoft.EntityFrameworkCore.Storage.RelationalDatabase.SaveChangesAsync(IList`1 entries, CancellationToken cancellationToken)&#xD;
   at Microsoft.EntityFrameworkCore.ChangeTracking.Internal.StateManager.SaveChangesAsync(IList`1 entriesToSave, CancellationToken cancellationToken)&#xD;
   at Microsoft.EntityFrameworkCore.ChangeTracking.Internal.StateManager.SaveChangesAsync(StateManager stateManager, Boolean acceptAllChangesOnSuccess, CancellationToken cancellationToken)&#xD;
   at Microsoft.EntityFrameworkCore.DbContext.SaveChangesAsync(Boolean acceptAllChangesOnSuccess, CancellationToken cancellationToken)&#xD;
   at Microsoft.EntityFrameworkCore.DbContext.SaveChangesAsync(Boolean acceptAllChangesOnSuccess, CancellationToken cancellationToken)&#xD;
   at Truckero.Infrastructure.Repositories.TruckRepository.AddAsync(Truck truck) in C:\Users\lg061\source\repos\TruckeroSLN\Truckero.Infrastructure\Repositories\TruckRepository.cs:line 49&#xD;
   at Truckero.Infrastructure.Tests.Repositories.TruckRepositoryTests.AddAsync_Should_Throw_When_LicensePlate_Duplicate() in C:\Users\lg061\source\repos\TruckeroSLN\Truckero.Infrastructure.Tests\Repositories\TruckRepositoryTests.cs:line 87&#xD;
--- End of stack trace from previous location ---&#xD;
----- Inner Stack Trace -----&#xD;
   at Microsoft.Data.Sqlite.SqliteException.ThrowExceptionForRC(Int32 rc, sqlite3 db)&#xD;
   at Microsoft.Data.Sqlite.SqliteDataReader.NextResult()&#xD;
   at Microsoft.Data.Sqlite.SqliteCommand.ExecuteReader(CommandBehavior behavior)&#xD;
   at Microsoft.Data.Sqlite.SqliteCommand.ExecuteReaderAsync(CommandBehavior behavior, CancellationToken cancellationToken)&#xD;
   at Microsoft.Data.Sqlite.SqliteCommand.ExecuteDbDataReaderAsync(CommandBehavior behavior, CancellationToken cancellationToken)&#xD;
   at Microsoft.EntityFrameworkCore.Storage.RelationalCommand.ExecuteReaderAsync(RelationalCommandParameterObject parameterObject, CancellationToken cancellationToken)&#xD;
   at Microsoft.EntityFrameworkCore.Storage.RelationalCommand.ExecuteReaderAsync(RelationalCommandParameterObject parameterObject, CancellationToken cancellationToken)&#xD;
   at Microsoft.EntityFrameworkCore.Update.ReaderModificationCommandBatch.ExecuteAsync(IRelationalConnection connection, CancellationToken cancellationToken)</StackTrace>
        </ErrorInfo>
      </Output>
    </UnitTestResult>
    <UnitTestResult executionId="599eec23-cec4-45e9-b921-1bdc7a6a0f35" testId="e2c0ac21-7b29-ede4-8acb-29f26536847e" testName="Truckero.Infrastructure.Tests.Repositories.TruckRepositoryTests.AddAsync_Should_Throw_When_VehicleType_Is_Invalid" computerName="LG061870" duration="00:00:00.0210039" startTime="2025-06-11T20:11:42.7583070-06:00" endTime="2025-06-11T20:11:42.7786890-06:00" testType="13cdc9d9-ddb5-4fa4-a97d-d965ccfc6d4b" outcome="Passed" testListId="8c84fa94-04c1-424b-9868-57a2d4851a1d" relativeResultsDirectory="599eec23-cec4-45e9-b921-1bdc7a6a0f35" />
    <UnitTestResult executionId="d8c86320-94df-4c19-94cb-4208b959ceb7" testId="a62a0b8f-9267-4d22-0a0b-96885df89bd2" testName="Truckero.Infrastructure.Tests.Repositories.CustomerRepositoryTests.AddAsync_Should_Add_Profile_To_Db" computerName="LG061870" duration="00:00:00.0303017" startTime="2025-06-11T20:11:42.6552683-06:00" endTime="2025-06-11T20:11:42.6840464-06:00" testType="13cdc9d9-ddb5-4fa4-a97d-d965ccfc6d4b" outcome="Failed" testListId="8c84fa94-04c1-424b-9868-57a2d4851a1d" relativeResultsDirectory="d8c86320-94df-4c19-94cb-4208b959ceb7">
      <Output>
        <ErrorInfo>
          <Message>Microsoft.EntityFrameworkCore.DbUpdateException : An error occurred while saving the entity changes. See the inner exception for details.&#xD;
---- Microsoft.Data.Sqlite.SqliteException : SQLite Error 19: 'NOT NULL constraint failed: CustomerProfiles.Email'.</Message>
          <StackTrace>   at Microsoft.EntityFrameworkCore.Update.ReaderModificationCommandBatch.ExecuteAsync(IRelationalConnection connection, CancellationToken cancellationToken)&#xD;
   at Microsoft.EntityFrameworkCore.Update.Internal.BatchExecutor.ExecuteAsync(IEnumerable`1 commandBatches, IRelationalConnection connection, CancellationToken cancellationToken)&#xD;
   at Microsoft.EntityFrameworkCore.Update.Internal.BatchExecutor.ExecuteAsync(IEnumerable`1 commandBatches, IRelationalConnection connection, CancellationToken cancellationToken)&#xD;
   at Microsoft.EntityFrameworkCore.Update.Internal.BatchExecutor.ExecuteAsync(IEnumerable`1 commandBatches, IRelationalConnection connection, CancellationToken cancellationToken)&#xD;
   at Microsoft.EntityFrameworkCore.Storage.RelationalDatabase.SaveChangesAsync(IList`1 entries, CancellationToken cancellationToken)&#xD;
   at Microsoft.EntityFrameworkCore.ChangeTracking.Internal.StateManager.SaveChangesAsync(IList`1 entriesToSave, CancellationToken cancellationToken)&#xD;
   at Microsoft.EntityFrameworkCore.ChangeTracking.Internal.StateManager.SaveChangesAsync(StateManager stateManager, Boolean acceptAllChangesOnSuccess, CancellationToken cancellationToken)&#xD;
   at Microsoft.EntityFrameworkCore.DbContext.SaveChangesAsync(Boolean acceptAllChangesOnSuccess, CancellationToken cancellationToken)&#xD;
   at Microsoft.EntityFrameworkCore.DbContext.SaveChangesAsync(Boolean acceptAllChangesOnSuccess, CancellationToken cancellationToken)&#xD;
   at Truckero.Infrastructure.Repositories.CustomerRepository.SaveCustomerProfileChangesAsync() in C:\Users\lg061\source\repos\TruckeroSLN\Truckero.Infrastructure\Repositories\CustomerRepository.cs:line 30&#xD;
   at Truckero.Infrastructure.Tests.Repositories.CustomerRepositoryTests.AddAsync_Should_Add_Profile_To_Db() in C:\Users\lg061\source\repos\TruckeroSLN\Truckero.Infrastructure.Tests\Repositories\CustomerRepositoryTests.cs:line 40&#xD;
--- End of stack trace from previous location ---&#xD;
----- Inner Stack Trace -----&#xD;
   at Microsoft.Data.Sqlite.SqliteException.ThrowExceptionForRC(Int32 rc, sqlite3 db)&#xD;
   at Microsoft.Data.Sqlite.SqliteDataReader.NextResult()&#xD;
   at Microsoft.Data.Sqlite.SqliteCommand.ExecuteReader(CommandBehavior behavior)&#xD;
   at Microsoft.Data.Sqlite.SqliteCommand.ExecuteReaderAsync(CommandBehavior behavior, CancellationToken cancellationToken)&#xD;
   at Microsoft.Data.Sqlite.SqliteCommand.ExecuteDbDataReaderAsync(CommandBehavior behavior, CancellationToken cancellationToken)&#xD;
   at Microsoft.EntityFrameworkCore.Storage.RelationalCommand.ExecuteReaderAsync(RelationalCommandParameterObject parameterObject, CancellationToken cancellationToken)&#xD;
   at Microsoft.EntityFrameworkCore.Storage.RelationalCommand.ExecuteReaderAsync(RelationalCommandParameterObject parameterObject, CancellationToken cancellationToken)&#xD;
   at Microsoft.EntityFrameworkCore.Update.ReaderModificationCommandBatch.ExecuteAsync(IRelationalConnection connection, CancellationToken cancellationToken)</StackTrace>
        </ErrorInfo>
      </Output>
    </UnitTestResult>
    <UnitTestResult executionId="1db45ea9-1587-4eb5-a75f-2dca37c795e0" testId="8bf82f33-266c-44fb-9970-4d95a7bfc8ee" testName="Truckero.Infrastructure.Tests.Repositories.OnboardingRepositoryTests.AddOrUpdateAsync_Should_Persist_OnboardingProgress" computerName="LG061870" duration="00:00:00.0010000" startTime="2025-06-11T20:11:41.5747345-06:00" endTime="2025-06-11T20:11:42.5425682-06:00" testType="13cdc9d9-ddb5-4fa4-a97d-d965ccfc6d4b" outcome="Failed" testListId="8c84fa94-04c1-424b-9868-57a2d4851a1d" relativeResultsDirectory="1db45ea9-1587-4eb5-a75f-2dca37c795e0">
      <Output>
        <ErrorInfo>
          <Message>Microsoft.EntityFrameworkCore.DbUpdateException : An error occurred while saving the entity changes. See the inner exception for details.&#xD;
---- Microsoft.Data.Sqlite.SqliteException : SQLite Error 19: 'FOREIGN KEY constraint failed'.</Message>
          <StackTrace>   at Microsoft.EntityFrameworkCore.Update.ReaderModificationCommandBatch.Execute(IRelationalConnection connection)&#xD;
   at Microsoft.EntityFrameworkCore.Update.Internal.BatchExecutor.Execute(IEnumerable`1 commandBatches, IRelationalConnection connection)&#xD;
   at Microsoft.EntityFrameworkCore.Storage.RelationalDatabase.SaveChanges(IList`1 entries)&#xD;
   at Microsoft.EntityFrameworkCore.ChangeTracking.Internal.StateManager.SaveChanges(IList`1 entriesToSave)&#xD;
   at Microsoft.EntityFrameworkCore.ChangeTracking.Internal.StateManager.SaveChanges(StateManager stateManager, Boolean acceptAllChangesOnSuccess)&#xD;
   at Microsoft.EntityFrameworkCore.ChangeTracking.Internal.StateManager.&lt;&gt;c.&lt;SaveChanges&gt;b__112_0(DbContext _, ValueTuple`2 t)&#xD;
   at Microsoft.EntityFrameworkCore.Storage.NonRetryingExecutionStrategy.Execute[TState,TResult](TState state, Func`3 operation, Func`3 verifySucceeded)&#xD;
   at Microsoft.EntityFrameworkCore.ChangeTracking.Internal.StateManager.SaveChanges(Boolean acceptAllChangesOnSuccess)&#xD;
   at Microsoft.EntityFrameworkCore.DbContext.SaveChanges(Boolean acceptAllChangesOnSuccess)&#xD;
   at Microsoft.EntityFrameworkCore.DbContext.SaveChanges()&#xD;
   at Truckero.Infrastructure.Tests.Repositories.OnboardingRepositoryTests..ctor() in C:\Users\lg061\source\repos\TruckeroSLN\Truckero.Infrastructure.Tests\Repositories\OnboardingRepositoryTests.cs:line 33&#xD;
   at System.RuntimeType.CreateInstanceDefaultCtor(Boolean publicOnly, Boolean wrapExceptions)&#xD;
----- Inner Stack Trace -----&#xD;
   at Microsoft.Data.Sqlite.SqliteException.ThrowExceptionForRC(Int32 rc, sqlite3 db)&#xD;
   at Microsoft.Data.Sqlite.SqliteDataReader.NextResult()&#xD;
   at Microsoft.Data.Sqlite.SqliteCommand.ExecuteReader(CommandBehavior behavior)&#xD;
   at Microsoft.Data.Sqlite.SqliteCommand.ExecuteDbDataReader(CommandBehavior behavior)&#xD;
   at Microsoft.EntityFrameworkCore.Storage.RelationalCommand.ExecuteReader(RelationalCommandParameterObject parameterObject)&#xD;
   at Microsoft.EntityFrameworkCore.Update.ReaderModificationCommandBatch.Execute(IRelationalConnection connection)</StackTrace>
        </ErrorInfo>
      </Output>
    </UnitTestResult>
    <UnitTestResult executionId="b368c830-e8c8-49ff-87f9-366fceac22af" testId="a88ad630-9792-eb64-e883-ace01d54dc30" testName="Truckero.Infrastructure.Tests.Repositories.CustomerRepositoryTests.GetByUserIdAsync_Should_Return_Correct_Profile" computerName="LG061870" duration="00:00:00.0725918" startTime="2025-06-11T20:11:42.5805863-06:00" endTime="2025-06-11T20:11:42.6534531-06:00" testType="13cdc9d9-ddb5-4fa4-a97d-d965ccfc6d4b" outcome="Failed" testListId="8c84fa94-04c1-424b-9868-57a2d4851a1d" relativeResultsDirectory="b368c830-e8c8-49ff-87f9-366fceac22af">
      <Output>
        <ErrorInfo>
          <Message>Microsoft.EntityFrameworkCore.DbUpdateException : An error occurred while saving the entity changes. See the inner exception for details.&#xD;
---- Microsoft.Data.Sqlite.SqliteException : SQLite Error 19: 'NOT NULL constraint failed: CustomerProfiles.Email'.</Message>
          <StackTrace>   at Microsoft.EntityFrameworkCore.Update.ReaderModificationCommandBatch.ExecuteAsync(IRelationalConnection connection, CancellationToken cancellationToken)&#xD;
   at Microsoft.EntityFrameworkCore.Update.Internal.BatchExecutor.ExecuteAsync(IEnumerable`1 commandBatches, IRelationalConnection connection, CancellationToken cancellationToken)&#xD;
   at Microsoft.EntityFrameworkCore.Update.Internal.BatchExecutor.ExecuteAsync(IEnumerable`1 commandBatches, IRelationalConnection connection, CancellationToken cancellationToken)&#xD;
   at Microsoft.EntityFrameworkCore.Update.Internal.BatchExecutor.ExecuteAsync(IEnumerable`1 commandBatches, IRelationalConnection connection, CancellationToken cancellationToken)&#xD;
   at Microsoft.EntityFrameworkCore.Storage.RelationalDatabase.SaveChangesAsync(IList`1 entries, CancellationToken cancellationToken)&#xD;
   at Microsoft.EntityFrameworkCore.ChangeTracking.Internal.StateManager.SaveChangesAsync(IList`1 entriesToSave, CancellationToken cancellationToken)&#xD;
   at Microsoft.EntityFrameworkCore.ChangeTracking.Internal.StateManager.SaveChangesAsync(StateManager stateManager, Boolean acceptAllChangesOnSuccess, CancellationToken cancellationToken)&#xD;
   at Microsoft.EntityFrameworkCore.DbContext.SaveChangesAsync(Boolean acceptAllChangesOnSuccess, CancellationToken cancellationToken)&#xD;
   at Microsoft.EntityFrameworkCore.DbContext.SaveChangesAsync(Boolean acceptAllChangesOnSuccess, CancellationToken cancellationToken)&#xD;
   at Truckero.Infrastructure.Tests.Repositories.CustomerRepositoryTests.GetByUserIdAsync_Should_Return_Correct_Profile() in C:\Users\lg061\source\repos\TruckeroSLN\Truckero.Infrastructure.Tests\Repositories\CustomerRepositoryTests.cs:line 59&#xD;
--- End of stack trace from previous location ---&#xD;
----- Inner Stack Trace -----&#xD;
   at Microsoft.Data.Sqlite.SqliteException.ThrowExceptionForRC(Int32 rc, sqlite3 db)&#xD;
   at Microsoft.Data.Sqlite.SqliteDataReader.NextResult()&#xD;
   at Microsoft.Data.Sqlite.SqliteCommand.ExecuteReader(CommandBehavior behavior)&#xD;
   at Microsoft.Data.Sqlite.SqliteCommand.ExecuteReaderAsync(CommandBehavior behavior, CancellationToken cancellationToken)&#xD;
   at Microsoft.Data.Sqlite.SqliteCommand.ExecuteDbDataReaderAsync(CommandBehavior behavior, CancellationToken cancellationToken)&#xD;
   at Microsoft.EntityFrameworkCore.Storage.RelationalCommand.ExecuteReaderAsync(RelationalCommandParameterObject parameterObject, CancellationToken cancellationToken)&#xD;
   at Microsoft.EntityFrameworkCore.Storage.RelationalCommand.ExecuteReaderAsync(RelationalCommandParameterObject parameterObject, CancellationToken cancellationToken)&#xD;
   at Microsoft.EntityFrameworkCore.Update.ReaderModificationCommandBatch.ExecuteAsync(IRelationalConnection connection, CancellationToken cancellationToken)</StackTrace>
        </ErrorInfo>
      </Output>
    </UnitTestResult>
    <UnitTestResult executionId="dc4f3867-8e91-4b5b-b7a8-77c7ae64abd5" testId="358d5a6e-ef04-52c4-19cc-ebe7feb64050" testName="Truckero.Infrastructure.Tests.Repositories.OnboardingRepositoryTests.GetByUserIdAsync_Should_Return_Progress" computerName="LG061870" duration="00:00:00.0010000" startTime="2025-06-11T20:11:42.6327575-06:00" endTime="2025-06-11T20:11:42.6717967-06:00" testType="13cdc9d9-ddb5-4fa4-a97d-d965ccfc6d4b" outcome="Failed" testListId="8c84fa94-04c1-424b-9868-57a2d4851a1d" relativeResultsDirectory="dc4f3867-8e91-4b5b-b7a8-77c7ae64abd5">
      <Output>
        <ErrorInfo>
          <Message>Microsoft.EntityFrameworkCore.DbUpdateException : An error occurred while saving the entity changes. See the inner exception for details.&#xD;
---- Microsoft.Data.Sqlite.SqliteException : SQLite Error 19: 'FOREIGN KEY constraint failed'.</Message>
          <StackTrace>   at Microsoft.EntityFrameworkCore.Update.ReaderModificationCommandBatch.Execute(IRelationalConnection connection)&#xD;
   at Microsoft.EntityFrameworkCore.Update.Internal.BatchExecutor.Execute(IEnumerable`1 commandBatches, IRelationalConnection connection)&#xD;
   at Microsoft.EntityFrameworkCore.Storage.RelationalDatabase.SaveChanges(IList`1 entries)&#xD;
   at Microsoft.EntityFrameworkCore.ChangeTracking.Internal.StateManager.SaveChanges(IList`1 entriesToSave)&#xD;
   at Microsoft.EntityFrameworkCore.ChangeTracking.Internal.StateManager.SaveChanges(StateManager stateManager, Boolean acceptAllChangesOnSuccess)&#xD;
   at Microsoft.EntityFrameworkCore.ChangeTracking.Internal.StateManager.&lt;&gt;c.&lt;SaveChanges&gt;b__112_0(DbContext _, ValueTuple`2 t)&#xD;
   at Microsoft.EntityFrameworkCore.Storage.NonRetryingExecutionStrategy.Execute[TState,TResult](TState state, Func`3 operation, Func`3 verifySucceeded)&#xD;
   at Microsoft.EntityFrameworkCore.ChangeTracking.Internal.StateManager.SaveChanges(Boolean acceptAllChangesOnSuccess)&#xD;
   at Microsoft.EntityFrameworkCore.DbContext.SaveChanges(Boolean acceptAllChangesOnSuccess)&#xD;
   at Microsoft.EntityFrameworkCore.DbContext.SaveChanges()&#xD;
   at Truckero.Infrastructure.Tests.Repositories.OnboardingRepositoryTests..ctor() in C:\Users\lg061\source\repos\TruckeroSLN\Truckero.Infrastructure.Tests\Repositories\OnboardingRepositoryTests.cs:line 33&#xD;
   at System.RuntimeType.CreateInstanceDefaultCtor(Boolean publicOnly, Boolean wrapExceptions)&#xD;
----- Inner Stack Trace -----&#xD;
   at Microsoft.Data.Sqlite.SqliteException.ThrowExceptionForRC(Int32 rc, sqlite3 db)&#xD;
   at Microsoft.Data.Sqlite.SqliteDataReader.NextResult()&#xD;
   at Microsoft.Data.Sqlite.SqliteCommand.ExecuteReader(CommandBehavior behavior)&#xD;
   at Microsoft.Data.Sqlite.SqliteCommand.ExecuteDbDataReader(CommandBehavior behavior)&#xD;
   at Microsoft.EntityFrameworkCore.Storage.RelationalCommand.ExecuteReader(RelationalCommandParameterObject parameterObject)&#xD;
   at Microsoft.EntityFrameworkCore.Update.ReaderModificationCommandBatch.Execute(IRelationalConnection connection)</StackTrace>
        </ErrorInfo>
      </Output>
    </UnitTestResult>
    <UnitTestResult executionId="38506d1e-5871-47a8-9e16-f2891badc021" testId="545c88c4-ae8a-07c8-a3d6-aa9002804ad1" testName="Truckero.Infrastructure.Tests.Repositories.PaymentMethodRepositoryTests.DeleteAsync_Should_Remove_Entry" computerName="LG061870" duration="00:00:00.0112560" startTime="2025-06-11T20:11:42.4963162-06:00" endTime="2025-06-11T20:11:42.5062589-06:00" testType="13cdc9d9-ddb5-4fa4-a97d-d965ccfc6d4b" outcome="Passed" testListId="8c84fa94-04c1-424b-9868-57a2d4851a1d" relativeResultsDirectory="38506d1e-5871-47a8-9e16-f2891badc021" />
    <UnitTestResult executionId="68465f7a-8b10-4779-a2f9-5f8087eeee9b" testId="fd57fec4-0cc4-7d65-cf46-3e015f2b671a" testName="Truckero.Infrastructure.Tests.Repositories.DriverRepositoryTests.GetByUserIdAsync_Should_Return_Null_If_NotFound" computerName="LG061870" duration="00:00:00.0010000" startTime="2025-06-11T20:11:42.6327708-06:00" endTime="2025-06-11T20:11:42.6768948-06:00" testType="13cdc9d9-ddb5-4fa4-a97d-d965ccfc6d4b" outcome="Failed" testListId="8c84fa94-04c1-424b-9868-57a2d4851a1d" relativeResultsDirectory="68465f7a-8b10-4779-a2f9-5f8087eeee9b">
      <Output>
        <ErrorInfo>
          <Message>Microsoft.EntityFrameworkCore.DbUpdateException : An error occurred while saving the entity changes. See the inner exception for details.&#xD;
---- Microsoft.Data.Sqlite.SqliteException : SQLite Error 19: 'UNIQUE constraint failed: Roles.Id'.</Message>
          <StackTrace>   at Microsoft.EntityFrameworkCore.Update.ReaderModificationCommandBatch.Execute(IRelationalConnection connection)&#xD;
   at Microsoft.EntityFrameworkCore.Update.Internal.BatchExecutor.Execute(IEnumerable`1 commandBatches, IRelationalConnection connection)&#xD;
   at Microsoft.EntityFrameworkCore.Storage.RelationalDatabase.SaveChanges(IList`1 entries)&#xD;
   at Microsoft.EntityFrameworkCore.ChangeTracking.Internal.StateManager.SaveChanges(IList`1 entriesToSave)&#xD;
   at Microsoft.EntityFrameworkCore.ChangeTracking.Internal.StateManager.SaveChanges(StateManager stateManager, Boolean acceptAllChangesOnSuccess)&#xD;
   at Microsoft.EntityFrameworkCore.ChangeTracking.Internal.StateManager.&lt;&gt;c.&lt;SaveChanges&gt;b__112_0(DbContext _, ValueTuple`2 t)&#xD;
   at Microsoft.EntityFrameworkCore.Storage.NonRetryingExecutionStrategy.Execute[TState,TResult](TState state, Func`3 operation, Func`3 verifySucceeded)&#xD;
   at Microsoft.EntityFrameworkCore.ChangeTracking.Internal.StateManager.SaveChanges(Boolean acceptAllChangesOnSuccess)&#xD;
   at Microsoft.EntityFrameworkCore.DbContext.SaveChanges(Boolean acceptAllChangesOnSuccess)&#xD;
   at Microsoft.EntityFrameworkCore.DbContext.SaveChanges()&#xD;
   at Truckero.Infrastructure.Tests.Repositories.DriverRepositoryTests..ctor() in C:\Users\lg061\source\repos\TruckeroSLN\Truckero.Infrastructure.Tests\Repositories\DriverRepositoryTests.cs:line 44&#xD;
   at System.RuntimeType.CreateInstanceDefaultCtor(Boolean publicOnly, Boolean wrapExceptions)&#xD;
----- Inner Stack Trace -----&#xD;
   at Microsoft.Data.Sqlite.SqliteException.ThrowExceptionForRC(Int32 rc, sqlite3 db)&#xD;
   at Microsoft.Data.Sqlite.SqliteDataReader.NextResult()&#xD;
   at Microsoft.Data.Sqlite.SqliteCommand.ExecuteReader(CommandBehavior behavior)&#xD;
   at Microsoft.Data.Sqlite.SqliteCommand.ExecuteDbDataReader(CommandBehavior behavior)&#xD;
   at Microsoft.EntityFrameworkCore.Storage.RelationalCommand.ExecuteReader(RelationalCommandParameterObject parameterObject)&#xD;
   at Microsoft.EntityFrameworkCore.Update.ReaderModificationCommandBatch.Execute(IRelationalConnection connection)</StackTrace>
        </ErrorInfo>
      </Output>
    </UnitTestResult>
    <UnitTestResult executionId="7398b8e4-37c8-4dd9-9f20-03ffd71b816b" testId="aaf765f2-37e4-76ab-7211-94389f08e97b" testName="Truckero.Infrastructure.Tests.Repositories.DriverRepositoryTests.AddAsync_And_Save_Should_Persist_DriverProfile" computerName="LG061870" duration="00:00:00.0010000" startTime="2025-06-11T20:11:41.5746380-06:00" endTime="2025-06-11T20:11:42.5472815-06:00" testType="13cdc9d9-ddb5-4fa4-a97d-d965ccfc6d4b" outcome="Failed" testListId="8c84fa94-04c1-424b-9868-57a2d4851a1d" relativeResultsDirectory="7398b8e4-37c8-4dd9-9f20-03ffd71b816b">
      <Output>
        <ErrorInfo>
          <Message>Microsoft.EntityFrameworkCore.DbUpdateException : An error occurred while saving the entity changes. See the inner exception for details.&#xD;
---- Microsoft.Data.Sqlite.SqliteException : SQLite Error 19: 'UNIQUE constraint failed: Roles.Id'.</Message>
          <StackTrace>   at Microsoft.EntityFrameworkCore.Update.ReaderModificationCommandBatch.Execute(IRelationalConnection connection)&#xD;
   at Microsoft.EntityFrameworkCore.Update.Internal.BatchExecutor.Execute(IEnumerable`1 commandBatches, IRelationalConnection connection)&#xD;
   at Microsoft.EntityFrameworkCore.Storage.RelationalDatabase.SaveChanges(IList`1 entries)&#xD;
   at Microsoft.EntityFrameworkCore.ChangeTracking.Internal.StateManager.SaveChanges(IList`1 entriesToSave)&#xD;
   at Microsoft.EntityFrameworkCore.ChangeTracking.Internal.StateManager.SaveChanges(StateManager stateManager, Boolean acceptAllChangesOnSuccess)&#xD;
   at Microsoft.EntityFrameworkCore.ChangeTracking.Internal.StateManager.&lt;&gt;c.&lt;SaveChanges&gt;b__112_0(DbContext _, ValueTuple`2 t)&#xD;
   at Microsoft.EntityFrameworkCore.Storage.NonRetryingExecutionStrategy.Execute[TState,TResult](TState state, Func`3 operation, Func`3 verifySucceeded)&#xD;
   at Microsoft.EntityFrameworkCore.ChangeTracking.Internal.StateManager.SaveChanges(Boolean acceptAllChangesOnSuccess)&#xD;
   at Microsoft.EntityFrameworkCore.DbContext.SaveChanges(Boolean acceptAllChangesOnSuccess)&#xD;
   at Microsoft.EntityFrameworkCore.DbContext.SaveChanges()&#xD;
   at Truckero.Infrastructure.Tests.Repositories.DriverRepositoryTests..ctor() in C:\Users\lg061\source\repos\TruckeroSLN\Truckero.Infrastructure.Tests\Repositories\DriverRepositoryTests.cs:line 44&#xD;
   at System.RuntimeType.CreateInstanceDefaultCtor(Boolean publicOnly, Boolean wrapExceptions)&#xD;
----- Inner Stack Trace -----&#xD;
   at Microsoft.Data.Sqlite.SqliteException.ThrowExceptionForRC(Int32 rc, sqlite3 db)&#xD;
   at Microsoft.Data.Sqlite.SqliteDataReader.NextResult()&#xD;
   at Microsoft.Data.Sqlite.SqliteCommand.ExecuteReader(CommandBehavior behavior)&#xD;
   at Microsoft.Data.Sqlite.SqliteCommand.ExecuteDbDataReader(CommandBehavior behavior)&#xD;
   at Microsoft.EntityFrameworkCore.Storage.RelationalCommand.ExecuteReader(RelationalCommandParameterObject parameterObject)&#xD;
   at Microsoft.EntityFrameworkCore.Update.ReaderModificationCommandBatch.Execute(IRelationalConnection connection)</StackTrace>
        </ErrorInfo>
      </Output>
    </UnitTestResult>
    <UnitTestResult executionId="62cc8a20-6caa-462d-abeb-6629f0f667dc" testId="e446c023-fa9e-724f-3e24-a623f5e86cfd" testName="Truckero.Infrastructure.Tests.Repositories.UserRepositoryTests.AddAsync_And_Save_Should_Create_User" computerName="LG061870" duration="00:00:00.0149400" startTime="2025-06-11T20:11:42.4904525-06:00" endTime="2025-06-11T20:11:42.5054781-06:00" testType="13cdc9d9-ddb5-4fa4-a97d-d965ccfc6d4b" outcome="Passed" testListId="8c84fa94-04c1-424b-9868-57a2d4851a1d" relativeResultsDirectory="62cc8a20-6caa-462d-abeb-6629f0f667dc" />
    <UnitTestResult executionId="e4ec73ce-f729-4c1f-8c8d-bf0e1bae51b0" testId="d5292330-32ea-e3d3-7ef8-cb35f581c709" testName="Truckero.Infrastructure.Tests.Repositories.TruckRepositoryTests.GetByDriverIdAsync_Should_Return_Vehicles" computerName="LG061870" duration="00:00:00.0190626" startTime="2025-06-11T20:11:42.7388662-06:00" endTime="2025-06-11T20:11:42.7576719-06:00" testType="13cdc9d9-ddb5-4fa4-a97d-d965ccfc6d4b" outcome="Failed" testListId="8c84fa94-04c1-424b-9868-57a2d4851a1d" relativeResultsDirectory="e4ec73ce-f729-4c1f-8c8d-bf0e1bae51b0">
      <Output>
        <ErrorInfo>
          <Message>Microsoft.EntityFrameworkCore.DbUpdateException : An error occurred while saving the entity changes. See the inner exception for details.&#xD;
---- Microsoft.Data.Sqlite.SqliteException : SQLite Error 19: 'FOREIGN KEY constraint failed'.</Message>
          <StackTrace>   at Microsoft.EntityFrameworkCore.Update.ReaderModificationCommandBatch.ExecuteAsync(IRelationalConnection connection, CancellationToken cancellationToken)&#xD;
   at Microsoft.EntityFrameworkCore.Update.Internal.BatchExecutor.ExecuteAsync(IEnumerable`1 commandBatches, IRelationalConnection connection, CancellationToken cancellationToken)&#xD;
   at Microsoft.EntityFrameworkCore.Update.Internal.BatchExecutor.ExecuteAsync(IEnumerable`1 commandBatches, IRelationalConnection connection, CancellationToken cancellationToken)&#xD;
   at Microsoft.EntityFrameworkCore.Update.Internal.BatchExecutor.ExecuteAsync(IEnumerable`1 commandBatches, IRelationalConnection connection, CancellationToken cancellationToken)&#xD;
   at Microsoft.EntityFrameworkCore.Storage.RelationalDatabase.SaveChangesAsync(IList`1 entries, CancellationToken cancellationToken)&#xD;
   at Microsoft.EntityFrameworkCore.ChangeTracking.Internal.StateManager.SaveChangesAsync(IList`1 entriesToSave, CancellationToken cancellationToken)&#xD;
   at Microsoft.EntityFrameworkCore.ChangeTracking.Internal.StateManager.SaveChangesAsync(StateManager stateManager, Boolean acceptAllChangesOnSuccess, CancellationToken cancellationToken)&#xD;
   at Microsoft.EntityFrameworkCore.DbContext.SaveChangesAsync(Boolean acceptAllChangesOnSuccess, CancellationToken cancellationToken)&#xD;
   at Microsoft.EntityFrameworkCore.DbContext.SaveChangesAsync(Boolean acceptAllChangesOnSuccess, CancellationToken cancellationToken)&#xD;
   at Truckero.Infrastructure.Tests.Repositories.TruckRepositoryTests.GetByDriverIdAsync_Should_Return_Vehicles() in C:\Users\lg061\source\repos\TruckeroSLN\Truckero.Infrastructure.Tests\Repositories\TruckRepositoryTests.cs:line 148&#xD;
--- End of stack trace from previous location ---&#xD;
----- Inner Stack Trace -----&#xD;
   at Microsoft.Data.Sqlite.SqliteException.ThrowExceptionForRC(Int32 rc, sqlite3 db)&#xD;
   at Microsoft.Data.Sqlite.SqliteDataReader.NextResult()&#xD;
   at Microsoft.Data.Sqlite.SqliteCommand.ExecuteReader(CommandBehavior behavior)&#xD;
   at Microsoft.Data.Sqlite.SqliteCommand.ExecuteReaderAsync(CommandBehavior behavior, CancellationToken cancellationToken)&#xD;
   at Microsoft.Data.Sqlite.SqliteCommand.ExecuteDbDataReaderAsync(CommandBehavior behavior, CancellationToken cancellationToken)&#xD;
   at Microsoft.EntityFrameworkCore.Storage.RelationalCommand.ExecuteReaderAsync(RelationalCommandParameterObject parameterObject, CancellationToken cancellationToken)&#xD;
   at Microsoft.EntityFrameworkCore.Storage.RelationalCommand.ExecuteReaderAsync(RelationalCommandParameterObject parameterObject, CancellationToken cancellationToken)&#xD;
   at Microsoft.EntityFrameworkCore.Update.ReaderModificationCommandBatch.ExecuteAsync(IRelationalConnection connection, CancellationToken cancellationToken)</StackTrace>
        </ErrorInfo>
      </Output>
    </UnitTestResult>
    <UnitTestResult executionId="51196f3b-b89f-4194-b38d-6d62146b7b21" testId="9efbd266-106e-3ee8-3477-c7ae0e66079f" testName="Truckero.Infrastructure.Tests.Repositories.PaymentMethodRepositoryTests.GetByUserIdAsync_Should_Return_All_For_User" computerName="LG061870" duration="00:00:00.0030128" startTime="2025-06-11T20:11:42.5107481-06:00" endTime="2025-06-11T20:11:42.5137181-06:00" testType="13cdc9d9-ddb5-4fa4-a97d-d965ccfc6d4b" outcome="Passed" testListId="8c84fa94-04c1-424b-9868-57a2d4851a1d" relativeResultsDirectory="51196f3b-b89f-4194-b38d-6d62146b7b21" />
    <UnitTestResult executionId="1264f602-05b4-49b3-8edd-4fdbe6dd412c" testId="6b3dfdcd-9640-6533-5c18-9a482abe72db" testName="Truckero.Infrastructure.Tests.Repositories.PayoutAccountRepositoryTests.GetPayoutAccountsByUserIdAsync_Should_Return_All_For_User" computerName="LG061870" duration="00:00:00.9806817" startTime="2025-06-11T20:11:41.5747741-06:00" endTime="2025-06-11T20:11:42.5595009-06:00" testType="13cdc9d9-ddb5-4fa4-a97d-d965ccfc6d4b" outcome="Failed" testListId="8c84fa94-04c1-424b-9868-57a2d4851a1d" relativeResultsDirectory="1264f602-05b4-49b3-8edd-4fdbe6dd412c">
      <Output>
        <ErrorInfo>
          <Message>Microsoft.EntityFrameworkCore.DbUpdateException : An error occurred while saving the entity changes. See the inner exception for details.&#xD;
---- Microsoft.Data.Sqlite.SqliteException : SQLite Error 19: 'FOREIGN KEY constraint failed'.</Message>
          <StackTrace>   at Microsoft.EntityFrameworkCore.Update.ReaderModificationCommandBatch.ExecuteAsync(IRelationalConnection connection, CancellationToken cancellationToken)&#xD;
   at Microsoft.EntityFrameworkCore.Update.Internal.BatchExecutor.ExecuteAsync(IEnumerable`1 commandBatches, IRelationalConnection connection, CancellationToken cancellationToken)&#xD;
   at Microsoft.EntityFrameworkCore.Update.Internal.BatchExecutor.ExecuteAsync(IEnumerable`1 commandBatches, IRelationalConnection connection, CancellationToken cancellationToken)&#xD;
   at Microsoft.EntityFrameworkCore.Update.Internal.BatchExecutor.ExecuteAsync(IEnumerable`1 commandBatches, IRelationalConnection connection, CancellationToken cancellationToken)&#xD;
   at Microsoft.EntityFrameworkCore.Storage.RelationalDatabase.SaveChangesAsync(IList`1 entries, CancellationToken cancellationToken)&#xD;
   at Microsoft.EntityFrameworkCore.ChangeTracking.Internal.StateManager.SaveChangesAsync(IList`1 entriesToSave, CancellationToken cancellationToken)&#xD;
   at Microsoft.EntityFrameworkCore.ChangeTracking.Internal.StateManager.SaveChangesAsync(StateManager stateManager, Boolean acceptAllChangesOnSuccess, CancellationToken cancellationToken)&#xD;
   at Microsoft.EntityFrameworkCore.DbContext.SaveChangesAsync(Boolean acceptAllChangesOnSuccess, CancellationToken cancellationToken)&#xD;
   at Microsoft.EntityFrameworkCore.DbContext.SaveChangesAsync(Boolean acceptAllChangesOnSuccess, CancellationToken cancellationToken)&#xD;
   at Truckero.Infrastructure.Tests.Repositories.PayoutAccountRepositoryTests.GetPayoutAccountsByUserIdAsync_Should_Return_All_For_User() in C:\Users\lg061\source\repos\TruckeroSLN\Truckero.Infrastructure.Tests\Repositories\PayoutAccountRepositoryTests.cs:line 79&#xD;
--- End of stack trace from previous location ---&#xD;
----- Inner Stack Trace -----&#xD;
   at Microsoft.Data.Sqlite.SqliteException.ThrowExceptionForRC(Int32 rc, sqlite3 db)&#xD;
   at Microsoft.Data.Sqlite.SqliteDataReader.NextResult()&#xD;
   at Microsoft.Data.Sqlite.SqliteCommand.ExecuteReader(CommandBehavior behavior)&#xD;
   at Microsoft.Data.Sqlite.SqliteCommand.ExecuteReaderAsync(CommandBehavior behavior, CancellationToken cancellationToken)&#xD;
   at Microsoft.Data.Sqlite.SqliteCommand.ExecuteDbDataReaderAsync(CommandBehavior behavior, CancellationToken cancellationToken)&#xD;
   at Microsoft.EntityFrameworkCore.Storage.RelationalCommand.ExecuteReaderAsync(RelationalCommandParameterObject parameterObject, CancellationToken cancellationToken)&#xD;
   at Microsoft.EntityFrameworkCore.Storage.RelationalCommand.ExecuteReaderAsync(RelationalCommandParameterObject parameterObject, CancellationToken cancellationToken)&#xD;
   at Microsoft.EntityFrameworkCore.Update.ReaderModificationCommandBatch.ExecuteAsync(IRelationalConnection connection, CancellationToken cancellationToken)</StackTrace>
        </ErrorInfo>
      </Output>
    </UnitTestResult>
  </Results>
  <TestDefinitions>
    <UnitTest name="Truckero.Infrastructure.Tests.Repositories.OnboardingRepositoryTests.GetByUserIdAsync_Should_Return_Progress" storage="c:\users\lg061\source\repos\truckerosln\truckero.infrastructure.tests\bin\debug\net9.0\truckero.infrastructure.tests.dll" id="358d5a6e-ef04-52c4-19cc-ebe7feb64050">
      <Execution id="dc4f3867-8e91-4b5b-b7a8-77c7ae64abd5" />
      <TestMethod codeBase="C:\Users\lg061\source\repos\TruckeroSLN\Truckero.Infrastructure.Tests\bin\Debug\net9.0\Truckero.Infrastructure.Tests.dll" adapterTypeName="executor://xunit/VsTestRunner3/netcore/" className="Truckero.Infrastructure.Tests.Repositories.OnboardingRepositoryTests" name="GetByUserIdAsync_Should_Return_Progress" />
    </UnitTest>
    <UnitTest name="Truckero.Infrastructure.Tests.Repositories.OnboardingRepositoryTests.GetByUserIdAsync_Should_Return_Null_If_NotFound" storage="c:\users\lg061\source\repos\truckerosln\truckero.infrastructure.tests\bin\debug\net9.0\truckero.infrastructure.tests.dll" id="263821d6-26a1-5182-05ef-653f7449f703">
      <Execution id="1e7d6881-315d-4379-b3f7-1e94dd9ef722" />
      <TestMethod codeBase="C:\Users\lg061\source\repos\TruckeroSLN\Truckero.Infrastructure.Tests\bin\Debug\net9.0\Truckero.Infrastructure.Tests.dll" adapterTypeName="executor://xunit/VsTestRunner3/netcore/" className="Truckero.Infrastructure.Tests.Repositories.OnboardingRepositoryTests" name="GetByUserIdAsync_Should_Return_Null_If_NotFound" />
    </UnitTest>
    <UnitTest name="Truckero.Infrastructure.Tests.Repositories.StoreClerkRepositoryTests.GetByUserIdAsync_Should_Return_Null_If_NotFound" storage="c:\users\lg061\source\repos\truckerosln\truckero.infrastructure.tests\bin\debug\net9.0\truckero.infrastructure.tests.dll" id="305d2f47-8a24-578e-ef83-2552defa3d54">
      <Execution id="5c760016-d216-4d1c-9e35-72a8c5f10910" />
      <TestMethod codeBase="C:\Users\lg061\source\repos\TruckeroSLN\Truckero.Infrastructure.Tests\bin\Debug\net9.0\Truckero.Infrastructure.Tests.dll" adapterTypeName="executor://xunit/VsTestRunner3/netcore/" className="Truckero.Infrastructure.Tests.Repositories.StoreClerkRepositoryTests" name="GetByUserIdAsync_Should_Return_Null_If_NotFound" />
    </UnitTest>
    <UnitTest name="Truckero.Infrastructure.Tests.Repositories.PaymentMethodRepositoryTests.DeleteAsync_Should_Remove_Entry" storage="c:\users\lg061\source\repos\truckerosln\truckero.infrastructure.tests\bin\debug\net9.0\truckero.infrastructure.tests.dll" id="545c88c4-ae8a-07c8-a3d6-aa9002804ad1">
      <Execution id="38506d1e-5871-47a8-9e16-f2891badc021" />
      <TestMethod codeBase="C:\Users\lg061\source\repos\TruckeroSLN\Truckero.Infrastructure.Tests\bin\Debug\net9.0\Truckero.Infrastructure.Tests.dll" adapterTypeName="executor://xunit/VsTestRunner3/netcore/" className="Truckero.Infrastructure.Tests.Repositories.PaymentMethodRepositoryTests" name="DeleteAsync_Should_Remove_Entry" />
    </UnitTest>
    <UnitTest name="Truckero.Infrastructure.Tests.Repositories.PayoutAccountRepositoryTests.DeletePayoutAccountAsync_Should_Remove_Entry" storage="c:\users\lg061\source\repos\truckerosln\truckero.infrastructure.tests\bin\debug\net9.0\truckero.infrastructure.tests.dll" id="e685d309-befd-a3d9-d7c6-22c8862367aa">
      <Execution id="6dc10294-c3b9-4e9b-a859-2f100ef92545" />
      <TestMethod codeBase="C:\Users\lg061\source\repos\TruckeroSLN\Truckero.Infrastructure.Tests\bin\Debug\net9.0\Truckero.Infrastructure.Tests.dll" adapterTypeName="executor://xunit/VsTestRunner3/netcore/" className="Truckero.Infrastructure.Tests.Repositories.PayoutAccountRepositoryTests" name="DeletePayoutAccountAsync_Should_Remove_Entry" />
    </UnitTest>
    <UnitTest name="Truckero.Infrastructure.Tests.Repositories.PaymentMethodRepositoryTests.GetByUserIdAsync_Should_Return_All_For_User" storage="c:\users\lg061\source\repos\truckerosln\truckero.infrastructure.tests\bin\debug\net9.0\truckero.infrastructure.tests.dll" id="9efbd266-106e-3ee8-3477-c7ae0e66079f">
      <Execution id="51196f3b-b89f-4194-b38d-6d62146b7b21" />
      <TestMethod codeBase="C:\Users\lg061\source\repos\TruckeroSLN\Truckero.Infrastructure.Tests\bin\Debug\net9.0\Truckero.Infrastructure.Tests.dll" adapterTypeName="executor://xunit/VsTestRunner3/netcore/" className="Truckero.Infrastructure.Tests.Repositories.PaymentMethodRepositoryTests" name="GetByUserIdAsync_Should_Return_All_For_User" />
    </UnitTest>
    <UnitTest name="Truckero.Infrastructure.Tests.Repositories.PaymentMethodRepositoryTests.AddAsync_Should_Persist_PaymentMethod" storage="c:\users\lg061\source\repos\truckerosln\truckero.infrastructure.tests\bin\debug\net9.0\truckero.infrastructure.tests.dll" id="29d85c1e-2617-dfd7-df27-c3d3c5a7bc65">
      <Execution id="284724db-aea7-4c66-be6b-b56e4657e76e" />
[...]
[xUnit.net 00:00:01.24]            at Microsoft.EntityFrameworkCore.Update.Internal.BatchExecutor.ExecuteAsync(IEnumerable`1 commandBatches, IRelationalConnection connection, CancellationToken cancellationToken)&#xD;
[xUnit.net 00:00:01.24]            at Microsoft.EntityFrameworkCore.Storage.RelationalDatabase.SaveChangesAsync(IList`1 entries, CancellationToken cancellationToken)&#xD;
[xUnit.net 00:00:01.24]            at Microsoft.EntityFrameworkCore.ChangeTracking.Internal.StateManager.SaveChangesAsync(IList`1 entriesToSave, CancellationToken cancellationToken)&#xD;
[xUnit.net 00:00:01.24]            at Microsoft.EntityFrameworkCore.ChangeTracking.Internal.StateManager.SaveChangesAsync(StateManager stateManager, Boolean acceptAllChangesOnSuccess, CancellationToken cancellationToken)&#xD;
[xUnit.net 00:00:01.24]            at Microsoft.EntityFrameworkCore.DbContext.SaveChangesAsync(Boolean acceptAllChangesOnSuccess, CancellationToken cancellationToken)&#xD;
[xUnit.net 00:00:01.24]            at Microsoft.EntityFrameworkCore.DbContext.SaveChangesAsync(Boolean acceptAllChangesOnSuccess, CancellationToken cancellationToken)&#xD;
[xUnit.net 00:00:01.24]         C:\Users\lg061\source\repos\TruckeroSLN\Truckero.Infrastructure\Repositories\PayoutAccountRepository.cs(93,0): at Truckero.Infrastructure.Repositories.PayoutAccountRepository.AddPayoutAccountAsync(PayoutAccount payoutAccount)&#xD;
[xUnit.net 00:00:01.24]         C:\Users\lg061\source\repos\TruckeroSLN\Truckero.Infrastructure.Tests\Repositories\PayoutAccountRepositoryTests.cs(54,0): at Truckero.Infrastructure.Tests.Repositories.PayoutAccountRepositoryTests.AddPayoutAccountAsync_Should_Persist_Account()&#xD;
[xUnit.net 00:00:01.24]         --- End of stack trace from previous location ---&#xD;
[xUnit.net 00:00:01.24]         ----- Inner Stack Trace -----&#xD;
[xUnit.net 00:00:01.24]            at Microsoft.Data.Sqlite.SqliteException.ThrowExceptionForRC(Int32 rc, sqlite3 db)&#xD;
[xUnit.net 00:00:01.24]            at Microsoft.Data.Sqlite.SqliteDataReader.NextResult()&#xD;
[xUnit.net 00:00:01.24]            at Microsoft.Data.Sqlite.SqliteCommand.ExecuteReader(CommandBehavior behavior)&#xD;
[xUnit.net 00:00:01.25]            at Microsoft.Data.Sqlite.SqliteCommand.ExecuteReaderAsync(CommandBehavior behavior, CancellationToken cancellationToken)&#xD;
[xUnit.net 00:00:01.25]            at Microsoft.Data.Sqlite.SqliteCommand.ExecuteDbDataReaderAsync(CommandBehavior behavior, CancellationToken cancellationToken)&#xD;
[xUnit.net 00:00:01.25]            at Microsoft.EntityFrameworkCore.Storage.RelationalCommand.ExecuteReaderAsync(RelationalCommandParameterObject parameterObject, CancellationToken cancellationToken)&#xD;
[xUnit.net 00:00:01.25]            at Microsoft.EntityFrameworkCore.Storage.RelationalCommand.ExecuteReaderAsync(RelationalCommandParameterObject parameterObject, CancellationToken cancellationToken)&#xD;
[xUnit.net 00:00:01.25]            at Microsoft.EntityFrameworkCore.Update.ReaderModificationCommandBatch.ExecuteAsync(IRelationalConnection connection, CancellationToken cancellationToken)&#xD;
[xUnit.net 00:00:01.25]       Microsoft.EntityFrameworkCore.DbUpdateException : An error occurred while saving the entity changes. See the inner exception for details.&#xD;
[xUnit.net 00:00:01.25]       ---- Microsoft.Data.Sqlite.SqliteException : SQLite Error 19: 'FOREIGN KEY constraint failed'.&#xD;
[xUnit.net 00:00:01.25]       Stack Trace:&#xD;
[xUnit.net 00:00:01.25]            at Microsoft.EntityFrameworkCore.Update.ReaderModificationCommandBatch.ExecuteAsync(IRelationalConnection connection, CancellationToken cancellationToken)&#xD;
[xUnit.net 00:00:01.25]            at Microsoft.EntityFrameworkCore.Update.Internal.BatchExecutor.ExecuteAsync(IEnumerable`1 commandBatches, IRelationalConnection connection, CancellationToken cancellationToken)&#xD;
[xUnit.net 00:00:01.25]            at Microsoft.EntityFrameworkCore.Update.Internal.BatchExecutor.ExecuteAsync(IEnumerable`1 commandBatches, IRelationalConnection connection, CancellationToken cancellationToken)&#xD;
[xUnit.net 00:00:01.25]            at Microsoft.EntityFrameworkCore.Update.Internal.BatchExecutor.ExecuteAsync(IEnumerable`1 commandBatches, IRelationalConnection connection, CancellationToken cancellationToken)&#xD;
[xUnit.net 00:00:01.25]            at Microsoft.EntityFrameworkCore.Storage.RelationalDatabase.SaveChangesAsync(IList`1 entries, CancellationToken cancellationToken)&#xD;
[xUnit.net 00:00:01.25]            at Microsoft.EntityFrameworkCore.ChangeTracking.Internal.StateManager.SaveChangesAsync(IList`1 entriesToSave, CancellationToken cancellationToken)&#xD;
[xUnit.net 00:00:01.25]            at Microsoft.EntityFrameworkCore.ChangeTracking.Internal.StateManager.SaveChangesAsync(StateManager stateManager, Boolean acceptAllChangesOnSuccess, CancellationToken cancellationToken)&#xD;
[xUnit.net 00:00:01.25]            at Microsoft.EntityFrameworkCore.DbContext.SaveChangesAsync(Boolean acceptAllChangesOnSuccess, CancellationToken cancellationToken)&#xD;
[xUnit.net 00:00:01.25]            at Microsoft.EntityFrameworkCore.DbContext.SaveChangesAsync(Boolean acceptAllChangesOnSuccess, CancellationToken cancellationToken)&#xD;
[xUnit.net 00:00:01.25]         C:\Users\lg061\source\repos\TruckeroSLN\Truckero.Infrastructure.Tests\Repositories\TruckRepositoryTests.cs(120,0): at Truckero.Infrastructure.Tests.Repositories.TruckRepositoryTests.GetByIdAsync_Should_Return_Vehicle()&#xD;
[xUnit.net 00:00:01.25]         --- End of stack trace from previous location ---&#xD;
[xUnit.net 00:00:01.25]         ----- Inner Stack Trace -----&#xD;
[xUnit.net 00:00:01.25]            at Microsoft.Data.Sqlite.SqliteException.ThrowExceptionForRC(Int32 rc, sqlite3 db)&#xD;
[xUnit.net 00:00:01.25]            at Microsoft.Data.Sqlite.SqliteDataReader.NextResult()&#xD;
[xUnit.net 00:00:01.25]            at Microsoft.Data.Sqlite.SqliteCommand.ExecuteReader(CommandBehavior behavior)&#xD;
[xUnit.net 00:00:01.25]            at Microsoft.Data.Sqlite.SqliteCommand.ExecuteReaderAsync(CommandBehavior behavior, CancellationToken cancellationToken)&#xD;
[xUnit.net 00:00:01.25]            at Microsoft.Data.Sqlite.SqliteCommand.ExecuteDbDataReaderAsync(CommandBehavior behavior, CancellationToken cancellationToken)&#xD;
[xUnit.net 00:00:01.25]            at Microsoft.EntityFrameworkCore.Storage.RelationalCommand.ExecuteReaderAsync(RelationalCommandParameterObject parameterObject, CancellationToken cancellationToken)&#xD;
[xUnit.net 00:00:01.25]            at Microsoft.EntityFrameworkCore.Storage.RelationalCommand.ExecuteReaderAsync(RelationalCommandParameterObject parameterObject, CancellationToken cancellationToken)&#xD;
[xUnit.net 00:00:01.25]            at Microsoft.EntityFrameworkCore.Update.ReaderModificationCommandBatch.ExecuteAsync(IRelationalConnection connection, CancellationToken cancellationToken)&#xD;
[xUnit.net 00:00:01.27]       Microsoft.EntityFrameworkCore.DbUpdateException : An error occurred while saving the entity changes. See the inner exception for details.&#xD;
[xUnit.net 00:00:01.27]       ---- Microsoft.Data.Sqlite.SqliteException : SQLite Error 19: 'FOREIGN KEY constraint failed'.&#xD;
[xUnit.net 00:00:01.27]       Stack Trace:&#xD;
[xUnit.net 00:00:01.27]            at Microsoft.EntityFrameworkCore.Update.ReaderModificationCommandBatch.ExecuteAsync(IRelationalConnection connection, CancellationToken cancellationToken)&#xD;
[xUnit.net 00:00:01.27]            at Microsoft.EntityFrameworkCore.Update.Internal.BatchExecutor.ExecuteAsync(IEnumerable`1 commandBatches, IRelationalConnection connection, CancellationToken cancellationToken)&#xD;
[xUnit.net 00:00:01.27]            at Microsoft.EntityFrameworkCore.Update.Internal.BatchExecutor.ExecuteAsync(IEnumerable`1 commandBatches, IRelationalConnection connection, CancellationToken cancellationToken)&#xD;
[xUnit.net 00:00:01.27]            at Microsoft.EntityFrameworkCore.Update.Internal.BatchExecutor.ExecuteAsync(IEnumerable`1 commandBatches, IRelationalConnection connection, CancellationToken cancellationToken)&#xD;
[xUnit.net 00:00:01.27]            at Microsoft.EntityFrameworkCore.Storage.RelationalDatabase.SaveChangesAsync(IList`1 entries, CancellationToken cancellationToken)&#xD;
[xUnit.net 00:00:01.27]            at Microsoft.EntityFrameworkCore.ChangeTracking.Internal.StateManager.SaveChangesAsync(IList`1 entriesToSave, CancellationToken cancellationToken)&#xD;
[xUnit.net 00:00:01.27]            at Microsoft.EntityFrameworkCore.ChangeTracking.Internal.StateManager.SaveChangesAsync(StateManager stateManager, Boolean acceptAllChangesOnSuccess, CancellationToken cancellationToken)&#xD;
[xUnit.net 00:00:01.27]            at Microsoft.EntityFrameworkCore.DbContext.SaveChangesAsync(Boolean acceptAllChangesOnSuccess, CancellationToken cancellationToken)&#xD;
[xUnit.net 00:00:01.27]            at Microsoft.EntityFrameworkCore.DbContext.SaveChangesAsync(Boolean acceptAllChangesOnSuccess, CancellationToken cancellationToken)&#xD;
[xUnit.net 00:00:01.27]         C:\Users\lg061\source\repos\TruckeroSLN\Truckero.Infrastructure.Tests\Repositories\TruckRepositoryTests.cs(166,0): at Truckero.Infrastructure.Tests.Repositories.TruckRepositoryTests.DeleteAsync_Should_Remove_Vehicle()&#xD;
[xUnit.net 00:00:01.27]         --- End of stack trace from previous location ---&#xD;
[xUnit.net 00:00:01.27]         ----- Inner Stack Trace -----&#xD;
[xUnit.net 00:00:01.27]            at Microsoft.Data.Sqlite.SqliteException.ThrowExceptionForRC(Int32 rc, sqlite3 db)&#xD;
[xUnit.net 00:00:01.27]            at Microsoft.Data.Sqlite.SqliteDataReader.NextResult()&#xD;
[xUnit.net 00:00:01.27]            at Microsoft.Data.Sqlite.SqliteCommand.ExecuteReader(CommandBehavior behavior)&#xD;
[xUnit.net 00:00:01.27]            at Microsoft.Data.Sqlite.SqliteCommand.ExecuteReaderAsync(CommandBehavior behavior, CancellationToken cancellationToken)&#xD;
[xUnit.net 00:00:01.27]            at Microsoft.Data.Sqlite.SqliteCommand.ExecuteDbDataReaderAsync(CommandBehavior behavior, CancellationToken cancellationToken)&#xD;
[xUnit.net 00:00:01.27]            at Microsoft.EntityFrameworkCore.Storage.RelationalCommand.ExecuteReaderAsync(RelationalCommandParameterObject parameterObject, CancellationToken cancellationToken)&#xD;
[xUnit.net 00:00:01.27]            at Microsoft.EntityFrameworkCore.Storage.RelationalCommand.ExecuteReaderAsync(RelationalCommandParameterObject parameterObject, CancellationToken cancellationToken)&#xD;
[xUnit.net 00:00:01.27]            at Microsoft.EntityFrameworkCore.Update.ReaderModificationCommandBatch.ExecuteAsync(IRelationalConnection connection, CancellationToken cancellationToken)&#xD;
[xUnit.net 00:00:01.29]       Microsoft.EntityFrameworkCore.DbUpdateException : An error occurred while saving the entity changes. See the inner exception for details.&#xD;
[xUnit.net 00:00:01.29]       ---- Microsoft.Data.Sqlite.SqliteException : SQLite Error 19: 'FOREIGN KEY constraint failed'.&#xD;
[xUnit.net 00:00:01.29]       Stack Trace:&#xD;
[xUnit.net 00:00:01.29]            at Microsoft.EntityFrameworkCore.Update.ReaderModificationCommandBatch.ExecuteAsync(IRelationalConnection connection, CancellationToken cancellationToken)&#xD;
[xUnit.net 00:00:01.29]            at Microsoft.EntityFrameworkCore.Update.Internal.BatchExecutor.ExecuteAsync(IEnumerable`1 commandBatches, IRelationalConnection connection, CancellationToken cancellationToken)&#xD;
[xUnit.net 00:00:01.29]            at Microsoft.EntityFrameworkCore.Update.Internal.BatchExecutor.ExecuteAsync(IEnumerable`1 commandBatches, IRelationalConnection connection, CancellationToken cancellationToken)&#xD;
[xUnit.net 00:00:01.29]            at Microsoft.EntityFrameworkCore.Update.Internal.BatchExecutor.ExecuteAsync(IEnumerable`1 commandBatches, IRelationalConnection connection, CancellationToken cancellationToken)&#xD;
[xUnit.net 00:00:01.29]            at Microsoft.EntityFrameworkCore.Storage.RelationalDatabase.SaveChangesAsync(IList`1 entries, CancellationToken cancellationToken)&#xD;
[xUnit.net 00:00:01.29]            at Microsoft.EntityFrameworkCore.ChangeTracking.Internal.StateManager.SaveChangesAsync(IList`1 entriesToSave, CancellationToken cancellationToken)&#xD;
[xUnit.net 00:00:01.29]            at Microsoft.EntityFrameworkCore.ChangeTracking.Internal.StateManager.SaveChangesAsync(StateManager stateManager, Boolean acceptAllChangesOnSuccess, CancellationToken cancellationToken)&#xD;
[xUnit.net 00:00:01.29]            at Microsoft.EntityFrameworkCore.DbContext.SaveChangesAsync(Boolean acceptAllChangesOnSuccess, CancellationToken cancellationToken)&#xD;
[xUnit.net 00:00:01.29]            at Microsoft.EntityFrameworkCore.DbContext.SaveChangesAsync(Boolean acceptAllChangesOnSuccess, CancellationToken cancellationToken)&#xD;
[xUnit.net 00:00:01.29]         C:\Users\lg061\source\repos\TruckeroSLN\Truckero.Infrastructure.Tests\Repositories\TruckRepositoryTests.cs(148,0): at Truckero.Infrastructure.Tests.Repositories.TruckRepositoryTests.GetByDriverIdAsync_Should_Return_Vehicles()&#xD;
[xUnit.net 00:00:01.29]         --- End of stack trace from previous location ---&#xD;
[xUnit.net 00:00:01.29]         ----- Inner Stack Trace -----&#xD;
[xUnit.net 00:00:01.29]            at Microsoft.Data.Sqlite.SqliteException.ThrowExceptionForRC(Int32 rc, sqlite3 db)&#xD;
[xUnit.net 00:00:01.29]            at Microsoft.Data.Sqlite.SqliteDataReader.NextResult()&#xD;
[xUnit.net 00:00:01.29]            at Microsoft.Data.Sqlite.SqliteCommand.ExecuteReader(CommandBehavior behavior)&#xD;
[xUnit.net 00:00:01.29]            at Microsoft.Data.Sqlite.SqliteCommand.ExecuteReaderAsync(CommandBehavior behavior, CancellationToken cancellationToken)&#xD;
[xUnit.net 00:00:01.29]            at Microsoft.Data.Sqlite.SqliteCommand.ExecuteDbDataReaderAsync(CommandBehavior behavior, CancellationToken cancellationToken)&#xD;
[xUnit.net 00:00:01.29]            at Microsoft.EntityFrameworkCore.Storage.RelationalCommand.ExecuteReaderAsync(RelationalCommandParameterObject parameterObject, CancellationToken cancellationToken)&#xD;
[xUnit.net 00:00:01.29]            at Microsoft.EntityFrameworkCore.Storage.RelationalCommand.ExecuteReaderAsync(RelationalCommandParameterObject parameterObject, CancellationToken cancellationToken)&#xD;
[xUnit.net 00:00:01.29]            at Microsoft.EntityFrameworkCore.Update.ReaderModificationCommandBatch.ExecuteAsync(IRelationalConnection connection, CancellationToken cancellationToken)&#xD;
[xUnit.net 00:00:01.32]   Finished:    Truckero.Infrastructure.Tests&#xD;
</StdOut>
    </Output>
    <RunInfos>
      <RunInfo computerName="LG061870" outcome="Error" timestamp="2025-06-11T20:11:42.5442971-06:00">
        <Text>[xUnit.net 00:00:01.08]     Truckero.Infrastructure.Tests.Repositories.OnboardingRepositoryTests.AddOrUpdateAsync_Should_Persist_OnboardingProgress [FAIL]</Text>
      </RunInfo>
      <RunInfo computerName="LG061870" outcome="Error" timestamp="2025-06-11T20:11:42.5476703-06:00">
        <Text>[xUnit.net 00:00:01.08]     Truckero.Infrastructure.Tests.Repositories.DriverRepositoryTests.AddAsync_And_Save_Should_Persist_DriverProfile [FAIL]</Text>
      </RunInfo>
      <RunInfo computerName="LG061870" outcome="Error" timestamp="2025-06-11T20:11:42.5598387-06:00">
        <Text>[xUnit.net 00:00:01.09]     Truckero.Infrastructure.Tests.Repositories.PayoutAccountRepositoryTests.GetPayoutAccountsByUserIdAsync_Should_Return_All_For_User [FAIL]</Text>
      </RunInfo>
      <RunInfo computerName="LG061870" outcome="Error" timestamp="2025-06-11T20:11:42.5763723-06:00">
        <Text>[xUnit.net 00:00:01.11]     Truckero.Infrastructure.Tests.Repositories.TruckRepositoryTests.UpdateAsync_Should_Modify_Existing_Vehicle [FAIL]</Text>
      </RunInfo>
      <RunInfo computerName="LG061870" outcome="Error" timestamp="2025-06-11T20:11:42.6321294-06:00">
        <Text>[xUnit.net 00:00:01.17]     Truckero.Infrastructure.Tests.Repositories.OnboardingRepositoryTests.GetByUserIdAsync_Should_Return_Null_If_NotFound [FAIL]</Text>
      </RunInfo>
      <RunInfo computerName="LG061870" outcome="Error" timestamp="2025-06-11T20:11:42.6325760-06:00">
        <Text>[xUnit.net 00:00:01.17]     Truckero.Infrastructure.Tests.Repositories.DriverRepositoryTests.GetByUserIdAsync_Should_Return_DriverProfile [FAIL]</Text>
      </RunInfo>
      <RunInfo computerName="LG061870" outcome="Error" timestamp="2025-06-11T20:11:42.6336519-06:00">
        <Text>[xUnit.net 00:00:01.17]     Truckero.Infrastructure.Tests.Repositories.PayoutAccountRepositoryTests.GetDefaultPayoutAccountByUserIdAsync_Should_Return_Only_Default [FAIL]</Text>
      </RunInfo>
      <RunInfo computerName="LG061870" outcome="Error" timestamp="2025-06-11T20:11:42.6537578-06:00">
        <Text>[xUnit.net 00:00:01.19]     Truckero.Infrastructure.Tests.Repositories.CustomerRepositoryTests.GetByUserIdAsync_Should_Return_Correct_Profile [FAIL]</Text>
      </RunInfo>
      <RunInfo computerName="LG061870" outcome="Error" timestamp="2025-06-11T20:11:42.6695263-06:00">
        <Text>[xUnit.net 00:00:01.20]     Truckero.Infrastructure.Tests.Repositories.TruckRepositoryTests.AddAsync_Should_Add_Vehicle_When_Valid [FAIL]</Text>
      </RunInfo>
      <RunInfo computerName="LG061870" outcome="Error" timestamp="2025-06-11T20:11:42.6720932-06:00">
        <Text>[xUnit.net 00:00:01.21]     Truckero.Infrastructure.Tests.Repositories.OnboardingRepositoryTests.GetByUserIdAsync_Should_Return_Progress [FAIL]</Text>
      </RunInfo>
      <RunInfo computerName="LG061870" outcome="Error" timestamp="2025-06-11T20:11:42.6771245-06:00">
        <Text>[xUnit.net 00:00:01.21]     Truckero.Infrastructure.Tests.Repositories.DriverRepositoryTests.GetByUserIdAsync_Should_Return_Null_If_NotFound [FAIL]</Text>
      </RunInfo>
      <RunInfo computerName="LG061870" outcome="Error" timestamp="2025-06-11T20:11:42.6785553-06:00">
        <Text>[xUnit.net 00:00:01.21]     Truckero.Infrastructure.Tests.Repositories.PayoutAccountRepositoryTests.DeletePayoutAccountAsync_Should_Remove_Entry [FAIL]</Text>
      </RunInfo>
      <RunInfo computerName="LG061870" outcome="Error" timestamp="2025-06-11T20:11:42.6842729-06:00">
        <Text>[xUnit.net 00:00:01.22]     Truckero.Infrastructure.Tests.Repositories.CustomerRepositoryTests.AddAsync_Should_Add_Profile_To_Db [FAIL]</Text>
      </RunInfo>
      <RunInfo computerName="LG061870" outcome="Error" timestamp="2025-06-11T20:11:42.6967096-06:00">
        <Text>[xUnit.net 00:00:01.23]     Truckero.Infrastructure.Tests.Repositories.TruckRepositoryTests.AddAsync_Should_Throw_When_LicensePlate_Duplicate [FAIL]</Text>
      </RunInfo>
      <RunInfo computerName="LG061870" outcome="Error" timestamp="2025-06-11T20:11:42.7096973-06:00">
        <Text>[xUnit.net 00:00:01.24]     Truckero.Infrastructure.Tests.Repositories.PayoutAccountRepositoryTests.AddPayoutAccountAsync_Should_Persist_Account [FAIL]</Text>
      </RunInfo>
      <RunInfo computerName="LG061870" outcome="Error" timestamp="2025-06-11T20:11:42.7170557-06:00">
        <Text>[xUnit.net 00:00:01.25]     Truckero.Infrastructure.Tests.Repositories.TruckRepositoryTests.GetByIdAsync_Should_Return_Vehicle [FAIL]</Text>
      </RunInfo>
      <RunInfo computerName="LG061870" outcome="Error" timestamp="2025-06-11T20:11:42.7384564-06:00">
        <Text>[xUnit.net 00:00:01.27]     Truckero.Infrastructure.Tests.Repositories.TruckRepositoryTests.DeleteAsync_Should_Remove_Vehicle [FAIL]</Text>
      </RunInfo>
      <RunInfo computerName="LG061870" outcome="Error" timestamp="2025-06-11T20:11:42.7580012-06:00">
        <Text>[xUnit.net 00:00:01.29]     Truckero.Infrastructure.Tests.Repositories.TruckRepositoryTests.GetByDriverIdAsync_Should_Return_Vehicles [FAIL]</Text>
      </RunInfo>
    </RunInfos>
  </ResultSummary>
</TestRun>